{"/Users/ryanleyland/Documents/GitHub/CovidNow/API/controllers/authControllers.js":{"path":"/Users/ryanleyland/Documents/GitHub/CovidNow/API/controllers/authControllers.js","statementMap":{"0":{"start":{"line":1,"column":11},"end":{"line":1,"column":31}},"1":{"start":{"line":2,"column":19},"end":{"line":2,"column":46}},"2":{"start":{"line":3,"column":13},"end":{"line":3,"column":20}},"3":{"start":{"line":4,"column":13},"end":{"line":4,"column":20}},"4":{"start":{"line":6,"column":10},"end":{"line":6,"column":33}},"5":{"start":{"line":7,"column":13},"end":{"line":7,"column":32}},"6":{"start":{"line":10,"column":0},"end":{"line":107,"column":2}},"7":{"start":{"line":11,"column":2},"end":{"line":106,"column":3}},"8":{"start":{"line":12,"column":4},"end":{"line":103,"column":5}},"9":{"start":{"line":13,"column":6},"end":{"line":13,"column":44}},"10":{"start":{"line":15,"column":20},"end":{"line":18,"column":7}},"11":{"start":{"line":20,"column":29},"end":{"line":20,"column":69}},"12":{"start":{"line":21,"column":27},"end":{"line":27,"column":8}},"13":{"start":{"line":29,"column":6},"end":{"line":102,"column":9}},"14":{"start":{"line":30,"column":8},"end":{"line":33,"column":9}},"15":{"start":{"line":31,"column":10},"end":{"line":31,"column":49}},"16":{"start":{"line":32,"column":10},"end":{"line":32,"column":17}},"17":{"start":{"line":35,"column":8},"end":{"line":101,"column":9}},"18":{"start":{"line":36,"column":10},"end":{"line":72,"column":12}},"19":{"start":{"line":41,"column":14},"end":{"line":44,"column":15}},"20":{"start":{"line":42,"column":16},"end":{"line":42,"column":55}},"21":{"start":{"line":43,"column":16},"end":{"line":43,"column":23}},"22":{"start":{"line":46,"column":29},"end":{"line":46,"column":38}},"23":{"start":{"line":47,"column":14},"end":{"line":47,"column":47}},"24":{"start":{"line":48,"column":14},"end":{"line":48,"column":65}},"25":{"start":{"line":49,"column":14},"end":{"line":51,"column":15}},"26":{"start":{"line":50,"column":16},"end":{"line":50,"column":36}},"27":{"start":{"line":53,"column":14},"end":{"line":53,"column":36}},"28":{"start":{"line":54,"column":14},"end":{"line":54,"column":39}},"29":{"start":{"line":55,"column":14},"end":{"line":70,"column":17}},"30":{"start":{"line":56,"column":16},"end":{"line":59,"column":17}},"31":{"start":{"line":57,"column":18},"end":{"line":57,"column":57}},"32":{"start":{"line":58,"column":18},"end":{"line":58,"column":25}},"33":{"start":{"line":60,"column":16},"end":{"line":63,"column":19}},"34":{"start":{"line":65,"column":16},"end":{"line":69,"column":18}},"35":{"start":{"line":75,"column":10},"end":{"line":100,"column":13}},"36":{"start":{"line":76,"column":12},"end":{"line":79,"column":13}},"37":{"start":{"line":77,"column":14},"end":{"line":77,"column":53}},"38":{"start":{"line":78,"column":14},"end":{"line":78,"column":21}},"39":{"start":{"line":81,"column":12},"end":{"line":81,"column":34}},"40":{"start":{"line":82,"column":12},"end":{"line":82,"column":37}},"41":{"start":{"line":83,"column":12},"end":{"line":99,"column":15}},"42":{"start":{"line":84,"column":14},"end":{"line":87,"column":15}},"43":{"start":{"line":85,"column":16},"end":{"line":85,"column":55}},"44":{"start":{"line":86,"column":16},"end":{"line":86,"column":23}},"45":{"start":{"line":89,"column":14},"end":{"line":92,"column":17}},"46":{"start":{"line":94,"column":14},"end":{"line":98,"column":16}},"47":{"start":{"line":105,"column":4},"end":{"line":105,"column":29}},"48":{"start":{"line":109,"column":0},"end":{"line":158,"column":2}},"49":{"start":{"line":110,"column":2},"end":{"line":157,"column":7}},"50":{"start":{"line":115,"column":6},"end":{"line":118,"column":7}},"51":{"start":{"line":116,"column":8},"end":{"line":116,"column":47}},"52":{"start":{"line":117,"column":8},"end":{"line":117,"column":15}},"53":{"start":{"line":120,"column":6},"end":{"line":122,"column":7}},"54":{"start":{"line":121,"column":8},"end":{"line":121,"column":67}},"55":{"start":{"line":124,"column":22},"end":{"line":124,"column":74}},"56":{"start":{"line":126,"column":6},"end":{"line":131,"column":7}},"57":{"start":{"line":127,"column":8},"end":{"line":130,"column":11}},"58":{"start":{"line":133,"column":6},"end":{"line":137,"column":7}},"59":{"start":{"line":134,"column":8},"end":{"line":136,"column":11}},"60":{"start":{"line":139,"column":18},"end":{"line":141,"column":8}},"61":{"start":{"line":143,"column":24},"end":{"line":143,"column":63}},"62":{"start":{"line":149,"column":6},"end":{"line":156,"column":9}},"63":{"start":{"line":160,"column":0},"end":{"line":179,"column":2}},"64":{"start":{"line":161,"column":2},"end":{"line":178,"column":43}},"65":{"start":{"line":165,"column":6},"end":{"line":167,"column":7}},"66":{"start":{"line":166,"column":8},"end":{"line":166,"column":68}},"67":{"start":{"line":169,"column":6},"end":{"line":169,"column":29}},"68":{"start":{"line":170,"column":6},"end":{"line":176,"column":9}},"69":{"start":{"line":171,"column":8},"end":{"line":174,"column":9}},"70":{"start":{"line":172,"column":10},"end":{"line":172,"column":49}},"71":{"start":{"line":173,"column":10},"end":{"line":173,"column":17}},"72":{"start":{"line":175,"column":8},"end":{"line":175,"column":58}},"73":{"start":{"line":178,"column":18},"end":{"line":178,"column":41}},"74":{"start":{"line":181,"column":0},"end":{"line":218,"column":2}},"75":{"start":{"line":182,"column":2},"end":{"line":217,"column":3}},"76":{"start":{"line":183,"column":30},"end":{"line":183,"column":73}},"77":{"start":{"line":184,"column":4},"end":{"line":214,"column":7}},"78":{"start":{"line":187,"column":6},"end":{"line":189,"column":7}},"79":{"start":{"line":188,"column":8},"end":{"line":188,"column":68}},"80":{"start":{"line":191,"column":22},"end":{"line":194,"column":7}},"81":{"start":{"line":195,"column":6},"end":{"line":199,"column":7}},"82":{"start":{"line":196,"column":8},"end":{"line":198,"column":11}},"83":{"start":{"line":201,"column":6},"end":{"line":201,"column":40}},"84":{"start":{"line":203,"column":6},"end":{"line":208,"column":9}},"85":{"start":{"line":204,"column":8},"end":{"line":207,"column":9}},"86":{"start":{"line":205,"column":10},"end":{"line":205,"column":49}},"87":{"start":{"line":206,"column":10},"end":{"line":206,"column":17}},"88":{"start":{"line":210,"column":22},"end":{"line":210,"column":77}},"89":{"start":{"line":211,"column":6},"end":{"line":213,"column":7}},"90":{"start":{"line":212,"column":8},"end":{"line":212,"column":76}},"91":{"start":{"line":216,"column":4},"end":{"line":216,"column":37}},"92":{"start":{"line":223,"column":4},"end":{"line":223,"column":68}},"93":{"start":{"line":224,"column":15},"end":{"line":224,"column":17}},"94":{"start":{"line":225,"column":2},"end":{"line":229,"column":3}},"95":{"start":{"line":225,"column":15},"end":{"line":225,"column":16}},"96":{"start":{"line":226,"column":4},"end":{"line":228,"column":6}},"97":{"start":{"line":230,"column":2},"end":{"line":230,"column":16}},"98":{"start":{"line":233,"column":0},"end":{"line":261,"column":2}},"99":{"start":{"line":234,"column":2},"end":{"line":260,"column":3}},"100":{"start":{"line":235,"column":4},"end":{"line":257,"column":7}},"101":{"start":{"line":236,"column":6},"end":{"line":238,"column":7}},"102":{"start":{"line":237,"column":8},"end":{"line":237,"column":68}},"103":{"start":{"line":240,"column":26},"end":{"line":240,"column":45}},"104":{"start":{"line":241,"column":6},"end":{"line":241,"column":33}},"105":{"start":{"line":242,"column":6},"end":{"line":242,"column":31}},"106":{"start":{"line":243,"column":32},"end":{"line":243,"column":66}},"107":{"start":{"line":244,"column":6},"end":{"line":244,"column":40}},"108":{"start":{"line":245,"column":6},"end":{"line":251,"column":9}},"109":{"start":{"line":246,"column":8},"end":{"line":246,"column":25}},"110":{"start":{"line":247,"column":8},"end":{"line":250,"column":9}},"111":{"start":{"line":248,"column":10},"end":{"line":248,"column":49}},"112":{"start":{"line":249,"column":10},"end":{"line":249,"column":17}},"113":{"start":{"line":252,"column":6},"end":{"line":252,"column":80}},"114":{"start":{"line":253,"column":6},"end":{"line":256,"column":9}},"115":{"start":{"line":259,"column":4},"end":{"line":259,"column":37}},"116":{"start":{"line":263,"column":0},"end":{"line":263,"column":46}}},"fnMap":{"0":{"name":"(anonymous_0)","decl":{"start":{"line":10,"column":19},"end":{"line":10,"column":20}},"loc":{"start":{"line":10,"column":39},"end":{"line":107,"column":1}},"line":10},"1":{"name":"(anonymous_1)","decl":{"start":{"line":29,"column":24},"end":{"line":29,"column":25}},"loc":{"start":{"line":29,"column":39},"end":{"line":102,"column":7}},"line":29},"2":{"name":"(anonymous_2)","decl":{"start":{"line":40,"column":12},"end":{"line":40,"column":13}},"loc":{"start":{"line":40,"column":27},"end":{"line":71,"column":13}},"line":40},"3":{"name":"(anonymous_3)","decl":{"start":{"line":55,"column":24},"end":{"line":55,"column":25}},"loc":{"start":{"line":55,"column":33},"end":{"line":70,"column":15}},"line":55},"4":{"name":"(anonymous_4)","decl":{"start":{"line":75,"column":41},"end":{"line":75,"column":42}},"loc":{"start":{"line":75,"column":56},"end":{"line":100,"column":11}},"line":75},"5":{"name":"(anonymous_5)","decl":{"start":{"line":83,"column":22},"end":{"line":83,"column":23}},"loc":{"start":{"line":83,"column":31},"end":{"line":99,"column":13}},"line":83},"6":{"name":"(anonymous_6)","decl":{"start":{"line":109,"column":17},"end":{"line":109,"column":18}},"loc":{"start":{"line":109,"column":31},"end":{"line":158,"column":1}},"line":109},"7":{"name":"(anonymous_7)","decl":{"start":{"line":114,"column":10},"end":{"line":114,"column":11}},"loc":{"start":{"line":114,"column":25},"end":{"line":157,"column":5}},"line":114},"8":{"name":"(anonymous_8)","decl":{"start":{"line":160,"column":21},"end":{"line":160,"column":22}},"loc":{"start":{"line":160,"column":41},"end":{"line":179,"column":1}},"line":160},"9":{"name":"(anonymous_9)","decl":{"start":{"line":164,"column":10},"end":{"line":164,"column":11}},"loc":{"start":{"line":164,"column":20},"end":{"line":177,"column":5}},"line":164},"10":{"name":"(anonymous_10)","decl":{"start":{"line":170,"column":16},"end":{"line":170,"column":17}},"loc":{"start":{"line":170,"column":25},"end":{"line":176,"column":7}},"line":170},"11":{"name":"(anonymous_11)","decl":{"start":{"line":178,"column":11},"end":{"line":178,"column":12}},"loc":{"start":{"line":178,"column":18},"end":{"line":178,"column":41}},"line":178},"12":{"name":"(anonymous_12)","decl":{"start":{"line":181,"column":24},"end":{"line":181,"column":25}},"loc":{"start":{"line":181,"column":44},"end":{"line":218,"column":1}},"line":181},"13":{"name":"(anonymous_13)","decl":{"start":{"line":186,"column":12},"end":{"line":186,"column":13}},"loc":{"start":{"line":186,"column":22},"end":{"line":214,"column":5}},"line":186},"14":{"name":"(anonymous_14)","decl":{"start":{"line":203,"column":16},"end":{"line":203,"column":17}},"loc":{"start":{"line":203,"column":25},"end":{"line":208,"column":7}},"line":203},"15":{"name":"getRandomPassword","decl":{"start":{"line":220,"column":9},"end":{"line":220,"column":26}},"loc":{"start":{"line":220,"column":28},"end":{"line":231,"column":1}},"line":220},"16":{"name":"(anonymous_16)","decl":{"start":{"line":233,"column":31},"end":{"line":233,"column":32}},"loc":{"start":{"line":233,"column":51},"end":{"line":261,"column":1}},"line":233},"17":{"name":"(anonymous_17)","decl":{"start":{"line":235,"column":49},"end":{"line":235,"column":50}},"loc":{"start":{"line":235,"column":65},"end":{"line":257,"column":5}},"line":235},"18":{"name":"(anonymous_18)","decl":{"start":{"line":245,"column":16},"end":{"line":245,"column":17}},"loc":{"start":{"line":245,"column":25},"end":{"line":251,"column":7}},"line":245}},"branchMap":{"0":{"loc":{"start":{"line":12,"column":4},"end":{"line":103,"column":5}},"type":"if","locations":[{"start":{"line":12,"column":4},"end":{"line":103,"column":5}},{"start":{"line":12,"column":4},"end":{"line":103,"column":5}}],"line":12},"1":{"loc":{"start":{"line":30,"column":8},"end":{"line":33,"column":9}},"type":"if","locations":[{"start":{"line":30,"column":8},"end":{"line":33,"column":9}},{"start":{"line":30,"column":8},"end":{"line":33,"column":9}}],"line":30},"2":{"loc":{"start":{"line":35,"column":8},"end":{"line":101,"column":9}},"type":"if","locations":[{"start":{"line":35,"column":8},"end":{"line":101,"column":9}},{"start":{"line":35,"column":8},"end":{"line":101,"column":9}}],"line":35},"3":{"loc":{"start":{"line":35,"column":12},"end":{"line":35,"column":55}},"type":"binary-expr","locations":[{"start":{"line":35,"column":12},"end":{"line":35,"column":26}},{"start":{"line":35,"column":30},"end":{"line":35,"column":55}}],"line":35},"4":{"loc":{"start":{"line":41,"column":14},"end":{"line":44,"column":15}},"type":"if","locations":[{"start":{"line":41,"column":14},"end":{"line":44,"column":15}},{"start":{"line":41,"column":14},"end":{"line":44,"column":15}}],"line":41},"5":{"loc":{"start":{"line":49,"column":14},"end":{"line":51,"column":15}},"type":"if","locations":[{"start":{"line":49,"column":14},"end":{"line":51,"column":15}},{"start":{"line":49,"column":14},"end":{"line":51,"column":15}}],"line":49},"6":{"loc":{"start":{"line":56,"column":16},"end":{"line":59,"column":17}},"type":"if","locations":[{"start":{"line":56,"column":16},"end":{"line":59,"column":17}},{"start":{"line":56,"column":16},"end":{"line":59,"column":17}}],"line":56},"7":{"loc":{"start":{"line":76,"column":12},"end":{"line":79,"column":13}},"type":"if","locations":[{"start":{"line":76,"column":12},"end":{"line":79,"column":13}},{"start":{"line":76,"column":12},"end":{"line":79,"column":13}}],"line":76},"8":{"loc":{"start":{"line":84,"column":14},"end":{"line":87,"column":15}},"type":"if","locations":[{"start":{"line":84,"column":14},"end":{"line":87,"column":15}},{"start":{"line":84,"column":14},"end":{"line":87,"column":15}}],"line":84},"9":{"loc":{"start":{"line":115,"column":6},"end":{"line":118,"column":7}},"type":"if","locations":[{"start":{"line":115,"column":6},"end":{"line":118,"column":7}},{"start":{"line":115,"column":6},"end":{"line":118,"column":7}}],"line":115},"10":{"loc":{"start":{"line":120,"column":6},"end":{"line":122,"column":7}},"type":"if","locations":[{"start":{"line":120,"column":6},"end":{"line":122,"column":7}},{"start":{"line":120,"column":6},"end":{"line":122,"column":7}}],"line":120},"11":{"loc":{"start":{"line":126,"column":6},"end":{"line":131,"column":7}},"type":"if","locations":[{"start":{"line":126,"column":6},"end":{"line":131,"column":7}},{"start":{"line":126,"column":6},"end":{"line":131,"column":7}}],"line":126},"12":{"loc":{"start":{"line":133,"column":6},"end":{"line":137,"column":7}},"type":"if","locations":[{"start":{"line":133,"column":6},"end":{"line":137,"column":7}},{"start":{"line":133,"column":6},"end":{"line":137,"column":7}}],"line":133},"13":{"loc":{"start":{"line":165,"column":6},"end":{"line":167,"column":7}},"type":"if","locations":[{"start":{"line":165,"column":6},"end":{"line":167,"column":7}},{"start":{"line":165,"column":6},"end":{"line":167,"column":7}}],"line":165},"14":{"loc":{"start":{"line":171,"column":8},"end":{"line":174,"column":9}},"type":"if","locations":[{"start":{"line":171,"column":8},"end":{"line":174,"column":9}},{"start":{"line":171,"column":8},"end":{"line":174,"column":9}}],"line":171},"15":{"loc":{"start":{"line":187,"column":6},"end":{"line":189,"column":7}},"type":"if","locations":[{"start":{"line":187,"column":6},"end":{"line":189,"column":7}},{"start":{"line":187,"column":6},"end":{"line":189,"column":7}}],"line":187},"16":{"loc":{"start":{"line":195,"column":6},"end":{"line":199,"column":7}},"type":"if","locations":[{"start":{"line":195,"column":6},"end":{"line":199,"column":7}},{"start":{"line":195,"column":6},"end":{"line":199,"column":7}}],"line":195},"17":{"loc":{"start":{"line":204,"column":8},"end":{"line":207,"column":9}},"type":"if","locations":[{"start":{"line":204,"column":8},"end":{"line":207,"column":9}},{"start":{"line":204,"column":8},"end":{"line":207,"column":9}}],"line":204},"18":{"loc":{"start":{"line":211,"column":6},"end":{"line":213,"column":7}},"type":"if","locations":[{"start":{"line":211,"column":6},"end":{"line":213,"column":7}},{"start":{"line":211,"column":6},"end":{"line":213,"column":7}}],"line":211},"19":{"loc":{"start":{"line":236,"column":6},"end":{"line":238,"column":7}},"type":"if","locations":[{"start":{"line":236,"column":6},"end":{"line":238,"column":7}},{"start":{"line":236,"column":6},"end":{"line":238,"column":7}}],"line":236},"20":{"loc":{"start":{"line":247,"column":8},"end":{"line":250,"column":9}},"type":"if","locations":[{"start":{"line":247,"column":8},"end":{"line":250,"column":9}},{"start":{"line":247,"column":8},"end":{"line":250,"column":9}}],"line":247}},"s":{"0":1,"1":1,"2":1,"3":1,"4":1,"5":1,"6":1,"7":0,"8":0,"9":0,"10":0,"11":0,"12":0,"13":0,"14":0,"15":0,"16":0,"17":0,"18":0,"19":0,"20":0,"21":0,"22":0,"23":0,"24":0,"25":0,"26":0,"27":0,"28":0,"29":0,"30":0,"31":0,"32":0,"33":0,"34":0,"35":0,"36":0,"37":0,"38":0,"39":0,"40":0,"41":0,"42":0,"43":0,"44":0,"45":0,"46":0,"47":0,"48":1,"49":3,"50":3,"51":0,"52":0,"53":3,"54":1,"55":2,"56":2,"57":0,"58":2,"59":0,"60":2,"61":2,"62":2,"63":1,"64":1,"65":1,"66":0,"67":1,"68":1,"69":1,"70":0,"71":0,"72":1,"73":0,"74":1,"75":1,"76":1,"77":1,"78":1,"79":0,"80":1,"81":1,"82":0,"83":1,"84":1,"85":1,"86":0,"87":0,"88":1,"89":1,"90":1,"91":0,"92":2,"93":2,"94":2,"95":2,"96":20,"97":2,"98":1,"99":2,"100":2,"101":2,"102":1,"103":1,"104":1,"105":1,"106":1,"107":1,"108":1,"109":1,"110":1,"111":0,"112":0,"113":1,"114":1,"115":0,"116":1},"f":{"0":0,"1":0,"2":0,"3":0,"4":0,"5":0,"6":3,"7":3,"8":1,"9":1,"10":1,"11":0,"12":1,"13":1,"14":1,"15":2,"16":2,"17":2,"18":1},"b":{"0":[0,0],"1":[0,0],"2":[0,0],"3":[0,0],"4":[0,0],"5":[0,0],"6":[0,0],"7":[0,0],"8":[0,0],"9":[0,3],"10":[1,2],"11":[0,2],"12":[0,2],"13":[0,1],"14":[0,1],"15":[0,1],"16":[0,1],"17":[0,1],"18":[1,0],"19":[1,1],"20":[0,1]},"_coverageSchema":"1a1c01bbd47fc00a2c39e90264f33305004495a9","hash":"1421fedeec2b9b53f27a0cc65844ecea979a28a5","contentHash":"91cd4450912f1dada3295834d0bd453e3611bbaec8b5664605fb3d6eb5f04d91"},"/Users/ryanleyland/Documents/GitHub/CovidNow/API/models/index.js":{"path":"/Users/ryanleyland/Documents/GitHub/CovidNow/API/models/index.js","statementMap":{"0":{"start":{"line":1,"column":17},"end":{"line":1,"column":36}},"1":{"start":{"line":2,"column":0},"end":{"line":2,"column":34}},"2":{"start":{"line":4,"column":11},"end":{"line":4,"column":13}},"3":{"start":{"line":6,"column":0},"end":{"line":6,"column":23}},"4":{"start":{"line":8,"column":0},"end":{"line":8,"column":37}},"5":{"start":{"line":9,"column":0},"end":{"line":9,"column":33}},"6":{"start":{"line":10,"column":0},"end":{"line":10,"column":53}},"7":{"start":{"line":11,"column":0},"end":{"line":11,"column":37}},"8":{"start":{"line":12,"column":0},"end":{"line":12,"column":43}},"9":{"start":{"line":13,"column":0},"end":{"line":13,"column":50}},"10":{"start":{"line":15,"column":0},"end":{"line":15,"column":28}},"11":{"start":{"line":17,"column":0},"end":{"line":17,"column":20}}},"fnMap":{},"branchMap":{},"s":{"0":1,"1":1,"2":1,"3":1,"4":1,"5":1,"6":1,"7":1,"8":1,"9":1,"10":1,"11":1},"f":{},"b":{},"_coverageSchema":"1a1c01bbd47fc00a2c39e90264f33305004495a9","hash":"f178efca8387cf781a67115bc3bea0ae85811bfe","contentHash":"6c7e7266f3d3277a8314cfc0726ba0f88042039cd6efab0cde3a8562377cfe1d"},"/Users/ryanleyland/Documents/GitHub/CovidNow/API/models/Register.model.js":{"path":"/Users/ryanleyland/Documents/GitHub/CovidNow/API/models/Register.model.js","statementMap":{"0":{"start":{"line":1,"column":17},"end":{"line":1,"column":36}},"1":{"start":{"line":3,"column":13},"end":{"line":83,"column":1}},"2":{"start":{"line":85,"column":0},"end":{"line":85,"column":22}}},"fnMap":{},"branchMap":{},"s":{"0":1,"1":1,"2":1},"f":{},"b":{},"_coverageSchema":"1a1c01bbd47fc00a2c39e90264f33305004495a9","hash":"3221ce5fb6553aa2b11a8435814735373340ecea","contentHash":"94ef44b78022578ffb1607809f4358b34f5de8d5c85e6f71ffbb94854facbc96"},"/Users/ryanleyland/Documents/GitHub/CovidNow/API/models/Role.model.js":{"path":"/Users/ryanleyland/Documents/GitHub/CovidNow/API/models/Role.model.js","statementMap":{"0":{"start":{"line":1,"column":17},"end":{"line":1,"column":36}},"1":{"start":{"line":3,"column":13},"end":{"line":8,"column":1}},"2":{"start":{"line":10,"column":0},"end":{"line":10,"column":22}}},"fnMap":{},"branchMap":{},"s":{"0":1,"1":1,"2":1},"f":{},"b":{},"_coverageSchema":"1a1c01bbd47fc00a2c39e90264f33305004495a9","hash":"5b981fd6be598681fbcb2cf8ec7d5d2fa784c93a","contentHash":"9660cf3922ceb581eed6c19c9e06954e8e8e6a2eea4da3bf465b006f5256f5ca"},"/Users/ryanleyland/Documents/GitHub/CovidNow/API/models/assignedDoctor.model.js":{"path":"/Users/ryanleyland/Documents/GitHub/CovidNow/API/models/assignedDoctor.model.js","statementMap":{"0":{"start":{"line":1,"column":17},"end":{"line":1,"column":36}},"1":{"start":{"line":3,"column":23},"end":{"line":16,"column":1}},"2":{"start":{"line":18,"column":0},"end":{"line":18,"column":32}}},"fnMap":{},"branchMap":{},"s":{"0":1,"1":1,"2":1},"f":{},"b":{},"_coverageSchema":"1a1c01bbd47fc00a2c39e90264f33305004495a9","hash":"fbad130eb8fa2ba17af39a58820e3c1d2e556fb3","contentHash":"d33b30ad9e9263e2eb1ad6b2f9d5a7fcd069cd10aa8007194d044196223032dc"},"/Users/ryanleyland/Documents/GitHub/CovidNow/API/models/Report.model.js":{"path":"/Users/ryanleyland/Documents/GitHub/CovidNow/API/models/Report.model.js","statementMap":{"0":{"start":{"line":1,"column":17},"end":{"line":1,"column":36}},"1":{"start":{"line":3,"column":15},"end":{"line":45,"column":1}},"2":{"start":{"line":47,"column":0},"end":{"line":47,"column":24}}},"fnMap":{},"branchMap":{},"s":{"0":1,"1":1,"2":1},"f":{},"b":{},"_coverageSchema":"1a1c01bbd47fc00a2c39e90264f33305004495a9","hash":"7c0596e704cb4a1d6e36ca4cf701a4f06cac2093","contentHash":"cbb7e5e625323a8549beffa35719b2b830c5b63d79838e043a68557267f7aa25"},"/Users/ryanleyland/Documents/GitHub/CovidNow/API/models/Contacted.model.js":{"path":"/Users/ryanleyland/Documents/GitHub/CovidNow/API/models/Contacted.model.js","statementMap":{"0":{"start":{"line":1,"column":17},"end":{"line":1,"column":36}},"1":{"start":{"line":3,"column":18},"end":{"line":28,"column":1}},"2":{"start":{"line":30,"column":0},"end":{"line":30,"column":27}}},"fnMap":{},"branchMap":{},"s":{"0":1,"1":1,"2":1},"f":{},"b":{},"_coverageSchema":"1a1c01bbd47fc00a2c39e90264f33305004495a9","hash":"0415004aa196603253f9ac130578451430701b75","contentHash":"2d05c24aa43506f4fcf235ed5fb140b9efb6698e72b927241365944c2aea1e46"},"/Users/ryanleyland/Documents/GitHub/CovidNow/API/models/appointments.model.js":{"path":"/Users/ryanleyland/Documents/GitHub/CovidNow/API/models/appointments.model.js","statementMap":{"0":{"start":{"line":1,"column":17},"end":{"line":1,"column":36}},"1":{"start":{"line":3,"column":21},"end":{"line":26,"column":1}},"2":{"start":{"line":28,"column":0},"end":{"line":28,"column":30}}},"fnMap":{},"branchMap":{},"s":{"0":1,"1":1,"2":1},"f":{},"b":{},"_coverageSchema":"1a1c01bbd47fc00a2c39e90264f33305004495a9","hash":"16a7af055ec055887a702daa74e7679ef6c22122","contentHash":"6d07a7c157b18a155695f22295457baa0585097264191fc2b2e1f67aef8ffa09"},"/Users/ryanleyland/Documents/GitHub/CovidNow/API/controllers/mailController.js":{"path":"/Users/ryanleyland/Documents/GitHub/CovidNow/API/controllers/mailController.js","statementMap":{"0":{"start":{"line":1,"column":19},"end":{"line":1,"column":40}},"1":{"start":{"line":3,"column":13},"end":{"line":3,"column":43}},"2":{"start":{"line":4,"column":13},"end":{"line":4,"column":46}},"3":{"start":{"line":5,"column":13},"end":{"line":5,"column":32}},"4":{"start":{"line":8,"column":18},"end":{"line":19,"column":2}},"5":{"start":{"line":21,"column":0},"end":{"line":35,"column":2}},"6":{"start":{"line":22,"column":2},"end":{"line":22,"column":23}},"7":{"start":{"line":23,"column":2},"end":{"line":34,"column":38}},"8":{"start":{"line":34,"column":20},"end":{"line":34,"column":36}},"9":{"start":{"line":38,"column":0},"end":{"line":63,"column":2}},"10":{"start":{"line":39,"column":2},"end":{"line":39,"column":21}},"11":{"start":{"line":41,"column":2},"end":{"line":55,"column":38}},"12":{"start":{"line":55,"column":20},"end":{"line":55,"column":36}},"13":{"start":{"line":65,"column":0},"end":{"line":80,"column":2}},"14":{"start":{"line":66,"column":2},"end":{"line":66,"column":23}},"15":{"start":{"line":67,"column":2},"end":{"line":79,"column":38}},"16":{"start":{"line":79,"column":20},"end":{"line":79,"column":36}},"17":{"start":{"line":83,"column":0},"end":{"line":97,"column":2}},"18":{"start":{"line":84,"column":2},"end":{"line":84,"column":23}},"19":{"start":{"line":85,"column":2},"end":{"line":96,"column":38}},"20":{"start":{"line":96,"column":20},"end":{"line":96,"column":36}}},"fnMap":{"0":{"name":"(anonymous_0)","decl":{"start":{"line":21,"column":39},"end":{"line":21,"column":40}},"loc":{"start":{"line":21,"column":74},"end":{"line":35,"column":1}},"line":21},"1":{"name":"(anonymous_1)","decl":{"start":{"line":34,"column":11},"end":{"line":34,"column":12}},"loc":{"start":{"line":34,"column":20},"end":{"line":34,"column":36}},"line":34},"2":{"name":"(anonymous_2)","decl":{"start":{"line":38,"column":44},"end":{"line":38,"column":45}},"loc":{"start":{"line":38,"column":74},"end":{"line":63,"column":1}},"line":38},"3":{"name":"(anonymous_3)","decl":{"start":{"line":55,"column":11},"end":{"line":55,"column":12}},"loc":{"start":{"line":55,"column":20},"end":{"line":55,"column":36}},"line":55},"4":{"name":"(anonymous_4)","decl":{"start":{"line":65,"column":46},"end":{"line":65,"column":47}},"loc":{"start":{"line":65,"column":63},"end":{"line":80,"column":1}},"line":65},"5":{"name":"(anonymous_5)","decl":{"start":{"line":79,"column":11},"end":{"line":79,"column":12}},"loc":{"start":{"line":79,"column":20},"end":{"line":79,"column":36}},"line":79},"6":{"name":"(anonymous_6)","decl":{"start":{"line":83,"column":33},"end":{"line":83,"column":34}},"loc":{"start":{"line":83,"column":50},"end":{"line":97,"column":1}},"line":83},"7":{"name":"(anonymous_7)","decl":{"start":{"line":96,"column":11},"end":{"line":96,"column":12}},"loc":{"start":{"line":96,"column":20},"end":{"line":96,"column":36}},"line":96}},"branchMap":{},"s":{"0":1,"1":1,"2":1,"3":1,"4":1,"5":1,"6":0,"7":0,"8":0,"9":1,"10":1,"11":1,"12":1,"13":1,"14":0,"15":0,"16":0,"17":1,"18":0,"19":0,"20":0},"f":{"0":0,"1":0,"2":1,"3":1,"4":0,"5":0,"6":0,"7":0},"b":{},"_coverageSchema":"1a1c01bbd47fc00a2c39e90264f33305004495a9","hash":"339012826b206b533861b5bac6490764a17191c5","contentHash":"298c7733715b23b65c47f2429c7635126669c8eafe233076dfa4a4565354d4ba"},"/Users/ryanleyland/Documents/GitHub/CovidNow/API/server.js":{"path":"/Users/ryanleyland/Documents/GitHub/CovidNow/API/server.js","statementMap":{"0":{"start":{"line":1,"column":0},"end":{"line":3,"column":1}},"1":{"start":{"line":2,"column":2},"end":{"line":2,"column":29}},"2":{"start":{"line":6,"column":16},"end":{"line":6,"column":34}},"3":{"start":{"line":7,"column":13},"end":{"line":7,"column":28}},"4":{"start":{"line":9,"column":12},"end":{"line":9,"column":21}},"5":{"start":{"line":10,"column":0},"end":{"line":10,"column":16}},"6":{"start":{"line":11,"column":0},"end":{"line":11,"column":24}},"7":{"start":{"line":12,"column":0},"end":{"line":12,"column":48}},"8":{"start":{"line":15,"column":11},"end":{"line":15,"column":30}},"9":{"start":{"line":16,"column":13},"end":{"line":16,"column":20}},"10":{"start":{"line":18,"column":0},"end":{"line":18,"column":20}},"11":{"start":{"line":21,"column":0},"end":{"line":30,"column":5}},"12":{"start":{"line":25,"column":4},"end":{"line":25,"column":14}},"13":{"start":{"line":28,"column":4},"end":{"line":28,"column":43}},"14":{"start":{"line":29,"column":4},"end":{"line":29,"column":19}},"15":{"start":{"line":34,"column":0},"end":{"line":36,"column":3}},"16":{"start":{"line":35,"column":2},"end":{"line":35,"column":52}},"17":{"start":{"line":40,"column":2},"end":{"line":88,"column":5}},"18":{"start":{"line":41,"column":4},"end":{"line":87,"column":5}},"19":{"start":{"line":42,"column":6},"end":{"line":50,"column":9}},"20":{"start":{"line":45,"column":8},"end":{"line":47,"column":9}},"21":{"start":{"line":46,"column":10},"end":{"line":46,"column":36}},"22":{"start":{"line":49,"column":8},"end":{"line":49,"column":56}},"23":{"start":{"line":51,"column":6},"end":{"line":59,"column":9}},"24":{"start":{"line":54,"column":8},"end":{"line":56,"column":9}},"25":{"start":{"line":55,"column":10},"end":{"line":55,"column":36}},"26":{"start":{"line":58,"column":8},"end":{"line":58,"column":57}},"27":{"start":{"line":60,"column":6},"end":{"line":68,"column":9}},"28":{"start":{"line":63,"column":8},"end":{"line":65,"column":9}},"29":{"start":{"line":64,"column":10},"end":{"line":64,"column":36}},"30":{"start":{"line":67,"column":8},"end":{"line":67,"column":58}},"31":{"start":{"line":69,"column":6},"end":{"line":77,"column":9}},"32":{"start":{"line":72,"column":8},"end":{"line":74,"column":9}},"33":{"start":{"line":73,"column":10},"end":{"line":73,"column":36}},"34":{"start":{"line":76,"column":8},"end":{"line":76,"column":67}},"35":{"start":{"line":78,"column":6},"end":{"line":86,"column":9}},"36":{"start":{"line":81,"column":8},"end":{"line":83,"column":9}},"37":{"start":{"line":82,"column":10},"end":{"line":82,"column":36}},"38":{"start":{"line":85,"column":8},"end":{"line":85,"column":71}},"39":{"start":{"line":92,"column":0},"end":{"line":92,"column":36}},"40":{"start":{"line":93,"column":0},"end":{"line":93,"column":44}},"41":{"start":{"line":94,"column":0},"end":{"line":94,"column":36}},"42":{"start":{"line":95,"column":0},"end":{"line":95,"column":47}},"43":{"start":{"line":96,"column":0},"end":{"line":96,"column":50}},"44":{"start":{"line":99,"column":0},"end":{"line":99,"column":64}},"45":{"start":{"line":99,"column":23},"end":{"line":99,"column":62}}},"fnMap":{"0":{"name":"(anonymous_0)","decl":{"start":{"line":23,"column":8},"end":{"line":23,"column":9}},"loc":{"start":{"line":23,"column":14},"end":{"line":26,"column":3}},"line":23},"1":{"name":"(anonymous_1)","decl":{"start":{"line":27,"column":9},"end":{"line":27,"column":10}},"loc":{"start":{"line":27,"column":18},"end":{"line":30,"column":3}},"line":27},"2":{"name":"(anonymous_2)","decl":{"start":{"line":34,"column":13},"end":{"line":34,"column":14}},"loc":{"start":{"line":34,"column":27},"end":{"line":36,"column":1}},"line":34},"3":{"name":"initial","decl":{"start":{"line":39,"column":9},"end":{"line":39,"column":16}},"loc":{"start":{"line":39,"column":19},"end":{"line":89,"column":1}},"line":39},"4":{"name":"(anonymous_4)","decl":{"start":{"line":40,"column":30},"end":{"line":40,"column":31}},"loc":{"start":{"line":40,"column":46},"end":{"line":88,"column":3}},"line":40},"5":{"name":"(anonymous_5)","decl":{"start":{"line":44,"column":14},"end":{"line":44,"column":15}},"loc":{"start":{"line":44,"column":23},"end":{"line":50,"column":7}},"line":44},"6":{"name":"(anonymous_6)","decl":{"start":{"line":53,"column":14},"end":{"line":53,"column":15}},"loc":{"start":{"line":53,"column":23},"end":{"line":59,"column":7}},"line":53},"7":{"name":"(anonymous_7)","decl":{"start":{"line":62,"column":14},"end":{"line":62,"column":15}},"loc":{"start":{"line":62,"column":23},"end":{"line":68,"column":7}},"line":62},"8":{"name":"(anonymous_8)","decl":{"start":{"line":71,"column":14},"end":{"line":71,"column":15}},"loc":{"start":{"line":71,"column":23},"end":{"line":77,"column":7}},"line":71},"9":{"name":"(anonymous_9)","decl":{"start":{"line":80,"column":14},"end":{"line":80,"column":15}},"loc":{"start":{"line":80,"column":23},"end":{"line":86,"column":7}},"line":80},"10":{"name":"(anonymous_10)","decl":{"start":{"line":99,"column":17},"end":{"line":99,"column":18}},"loc":{"start":{"line":99,"column":23},"end":{"line":99,"column":62}},"line":99}},"branchMap":{"0":{"loc":{"start":{"line":1,"column":0},"end":{"line":3,"column":1}},"type":"if","locations":[{"start":{"line":1,"column":0},"end":{"line":3,"column":1}},{"start":{"line":1,"column":0},"end":{"line":3,"column":1}}],"line":1},"1":{"loc":{"start":{"line":41,"column":4},"end":{"line":87,"column":5}},"type":"if","locations":[{"start":{"line":41,"column":4},"end":{"line":87,"column":5}},{"start":{"line":41,"column":4},"end":{"line":87,"column":5}}],"line":41},"2":{"loc":{"start":{"line":41,"column":8},"end":{"line":41,"column":27}},"type":"binary-expr","locations":[{"start":{"line":41,"column":8},"end":{"line":41,"column":12}},{"start":{"line":41,"column":16},"end":{"line":41,"column":27}}],"line":41},"3":{"loc":{"start":{"line":45,"column":8},"end":{"line":47,"column":9}},"type":"if","locations":[{"start":{"line":45,"column":8},"end":{"line":47,"column":9}},{"start":{"line":45,"column":8},"end":{"line":47,"column":9}}],"line":45},"4":{"loc":{"start":{"line":54,"column":8},"end":{"line":56,"column":9}},"type":"if","locations":[{"start":{"line":54,"column":8},"end":{"line":56,"column":9}},{"start":{"line":54,"column":8},"end":{"line":56,"column":9}}],"line":54},"5":{"loc":{"start":{"line":63,"column":8},"end":{"line":65,"column":9}},"type":"if","locations":[{"start":{"line":63,"column":8},"end":{"line":65,"column":9}},{"start":{"line":63,"column":8},"end":{"line":65,"column":9}}],"line":63},"6":{"loc":{"start":{"line":72,"column":8},"end":{"line":74,"column":9}},"type":"if","locations":[{"start":{"line":72,"column":8},"end":{"line":74,"column":9}},{"start":{"line":72,"column":8},"end":{"line":74,"column":9}}],"line":72},"7":{"loc":{"start":{"line":81,"column":8},"end":{"line":83,"column":9}},"type":"if","locations":[{"start":{"line":81,"column":8},"end":{"line":83,"column":9}},{"start":{"line":81,"column":8},"end":{"line":83,"column":9}}],"line":81}},"s":{"0":1,"1":1,"2":1,"3":1,"4":1,"5":1,"6":1,"7":1,"8":1,"9":1,"10":1,"11":1,"12":1,"13":0,"14":0,"15":1,"16":0,"17":1,"18":1,"19":0,"20":0,"21":0,"22":0,"23":0,"24":0,"25":0,"26":0,"27":0,"28":0,"29":0,"30":0,"31":0,"32":0,"33":0,"34":0,"35":0,"36":0,"37":0,"38":0,"39":1,"40":1,"41":1,"42":1,"43":1,"44":1,"45":1},"f":{"0":1,"1":0,"2":0,"3":1,"4":1,"5":0,"6":0,"7":0,"8":0,"9":0,"10":1},"b":{"0":[1,0],"1":[0,1],"2":[1,1],"3":[0,0],"4":[0,0],"5":[0,0],"6":[0,0],"7":[0,0]},"_coverageSchema":"1a1c01bbd47fc00a2c39e90264f33305004495a9","hash":"2d16059d42deea12fe273046447f0210b35bc2dc","contentHash":"39d49a5d91638c9aa95ee0370395a29d9359fcc8fb9f163544785a15e92b8072"},"/Users/ryanleyland/Documents/GitHub/CovidNow/API/routes/authRoutes.js":{"path":"/Users/ryanleyland/Documents/GitHub/CovidNow/API/routes/authRoutes.js","statementMap":{"0":{"start":{"line":1,"column":27},"end":{"line":1,"column":52}},"1":{"start":{"line":2,"column":19},"end":{"line":2,"column":60}},"2":{"start":{"line":4,"column":0},"end":{"line":28,"column":2}},"3":{"start":{"line":6,"column":2},"end":{"line":12,"column":5}},"4":{"start":{"line":7,"column":4},"end":{"line":10,"column":6}},"5":{"start":{"line":11,"column":4},"end":{"line":11,"column":11}},"6":{"start":{"line":14,"column":2},"end":{"line":18,"column":4}},"7":{"start":{"line":20,"column":2},"end":{"line":20,"column":72}},"8":{"start":{"line":22,"column":2},"end":{"line":22,"column":63}},"9":{"start":{"line":24,"column":2},"end":{"line":24,"column":50}},"10":{"start":{"line":27,"column":2},"end":{"line":27,"column":69}}},"fnMap":{"0":{"name":"(anonymous_0)","decl":{"start":{"line":4,"column":17},"end":{"line":4,"column":18}},"loc":{"start":{"line":4,"column":32},"end":{"line":28,"column":1}},"line":4},"1":{"name":"(anonymous_1)","decl":{"start":{"line":6,"column":10},"end":{"line":6,"column":11}},"loc":{"start":{"line":6,"column":36},"end":{"line":12,"column":3}},"line":6}},"branchMap":{},"s":{"0":1,"1":1,"2":1,"3":1,"4":9,"5":9,"6":1,"7":1,"8":1,"9":1,"10":1},"f":{"0":1,"1":9},"b":{},"_coverageSchema":"1a1c01bbd47fc00a2c39e90264f33305004495a9","hash":"c53dbde12e5cf5f3a4b2400fd4bdec2e554b3b75","contentHash":"4ab0669841b29747ea5b21741e322225a21c1d3f4aa58aeb460e097f09edf1c7"},"/Users/ryanleyland/Documents/GitHub/CovidNow/API/middlewares/index.js":{"path":"/Users/ryanleyland/Documents/GitHub/CovidNow/API/middlewares/index.js","statementMap":{"0":{"start":{"line":1,"column":16},"end":{"line":1,"column":36}},"1":{"start":{"line":2,"column":23},"end":{"line":2,"column":50}},"2":{"start":{"line":4,"column":0},"end":{"line":7,"column":1}}},"fnMap":{},"branchMap":{},"s":{"0":1,"1":1,"2":1},"f":{},"b":{},"_coverageSchema":"1a1c01bbd47fc00a2c39e90264f33305004495a9","hash":"b8b79329bbb48d507a8b0e80aa908b866053aebd","contentHash":"0df63d8e3aef349ecd2ee62c26ccef3febd79ca5fb48eb705da824e6b9a7da35"},"/Users/ryanleyland/Documents/GitHub/CovidNow/API/middlewares/authJwt.js":{"path":"/Users/ryanleyland/Documents/GitHub/CovidNow/API/middlewares/authJwt.js","statementMap":{"0":{"start":{"line":1,"column":12},"end":{"line":1,"column":35}},"1":{"start":{"line":2,"column":17},"end":{"line":2,"column":37}},"2":{"start":{"line":3,"column":11},"end":{"line":3,"column":31}},"3":{"start":{"line":4,"column":13},"end":{"line":4,"column":20}},"4":{"start":{"line":5,"column":13},"end":{"line":5,"column":20}},"5":{"start":{"line":6,"column":23},"end":{"line":6,"column":40}},"6":{"start":{"line":7,"column":15},"end":{"line":7,"column":24}},"7":{"start":{"line":9,"column":0},"end":{"line":23,"column":1}},"8":{"start":{"line":10,"column":16},"end":{"line":10,"column":45}},"9":{"start":{"line":12,"column":4},"end":{"line":14,"column":5}},"10":{"start":{"line":13,"column":8},"end":{"line":13,"column":67}},"11":{"start":{"line":16,"column":4},"end":{"line":22,"column":6}},"12":{"start":{"line":17,"column":8},"end":{"line":19,"column":9}},"13":{"start":{"line":18,"column":12},"end":{"line":18,"column":67}},"14":{"start":{"line":20,"column":8},"end":{"line":20,"column":31}},"15":{"start":{"line":21,"column":8},"end":{"line":21,"column":14}},"16":{"start":{"line":26,"column":0},"end":{"line":60,"column":1}},"17":{"start":{"line":27,"column":4},"end":{"line":59,"column":6}},"18":{"start":{"line":28,"column":8},"end":{"line":31,"column":9}},"19":{"start":{"line":29,"column":12},"end":{"line":29,"column":48}},"20":{"start":{"line":30,"column":12},"end":{"line":30,"column":18}},"21":{"start":{"line":33,"column":8},"end":{"line":57,"column":9}},"22":{"start":{"line":38,"column":16},"end":{"line":41,"column":17}},"23":{"start":{"line":39,"column":20},"end":{"line":39,"column":56}},"24":{"start":{"line":40,"column":20},"end":{"line":40,"column":26}},"25":{"start":{"line":51,"column":16},"end":{"line":54,"column":17}},"26":{"start":{"line":52,"column":20},"end":{"line":52,"column":26}},"27":{"start":{"line":53,"column":20},"end":{"line":53,"column":26}},"28":{"start":{"line":55,"column":16},"end":{"line":55,"column":69}},"29":{"start":{"line":62,"column":0},"end":{"line":87,"column":1}},"30":{"start":{"line":63,"column":4},"end":{"line":86,"column":6}},"31":{"start":{"line":64,"column":8},"end":{"line":67,"column":9}},"32":{"start":{"line":65,"column":12},"end":{"line":65,"column":48}},"33":{"start":{"line":66,"column":12},"end":{"line":66,"column":18}},"34":{"start":{"line":68,"column":8},"end":{"line":84,"column":9}},"35":{"start":{"line":73,"column":16},"end":{"line":76,"column":17}},"36":{"start":{"line":74,"column":20},"end":{"line":74,"column":56}},"37":{"start":{"line":75,"column":20},"end":{"line":75,"column":26}},"38":{"start":{"line":78,"column":16},"end":{"line":81,"column":17}},"39":{"start":{"line":79,"column":20},"end":{"line":79,"column":26}},"40":{"start":{"line":80,"column":20},"end":{"line":80,"column":26}},"41":{"start":{"line":82,"column":16},"end":{"line":82,"column":71}},"42":{"start":{"line":90,"column":0},"end":{"line":115,"column":1}},"43":{"start":{"line":91,"column":4},"end":{"line":114,"column":6}},"44":{"start":{"line":92,"column":8},"end":{"line":95,"column":9}},"45":{"start":{"line":93,"column":12},"end":{"line":93,"column":48}},"46":{"start":{"line":94,"column":12},"end":{"line":94,"column":18}},"47":{"start":{"line":96,"column":8},"end":{"line":112,"column":9}},"48":{"start":{"line":101,"column":16},"end":{"line":104,"column":17}},"49":{"start":{"line":102,"column":20},"end":{"line":102,"column":56}},"50":{"start":{"line":103,"column":20},"end":{"line":103,"column":26}},"51":{"start":{"line":106,"column":16},"end":{"line":109,"column":17}},"52":{"start":{"line":107,"column":20},"end":{"line":107,"column":26}},"53":{"start":{"line":108,"column":20},"end":{"line":108,"column":26}},"54":{"start":{"line":110,"column":16},"end":{"line":110,"column":70}},"55":{"start":{"line":118,"column":0},"end":{"line":143,"column":1}},"56":{"start":{"line":119,"column":4},"end":{"line":142,"column":6}},"57":{"start":{"line":120,"column":8},"end":{"line":123,"column":9}},"58":{"start":{"line":121,"column":12},"end":{"line":121,"column":48}},"59":{"start":{"line":122,"column":12},"end":{"line":122,"column":18}},"60":{"start":{"line":124,"column":8},"end":{"line":140,"column":9}},"61":{"start":{"line":129,"column":16},"end":{"line":132,"column":17}},"62":{"start":{"line":130,"column":20},"end":{"line":130,"column":56}},"63":{"start":{"line":131,"column":20},"end":{"line":131,"column":26}},"64":{"start":{"line":134,"column":16},"end":{"line":137,"column":17}},"65":{"start":{"line":135,"column":20},"end":{"line":135,"column":26}},"66":{"start":{"line":136,"column":20},"end":{"line":136,"column":26}},"67":{"start":{"line":138,"column":16},"end":{"line":138,"column":79}},"68":{"start":{"line":146,"column":0},"end":{"line":199,"column":1}},"69":{"start":{"line":149,"column":4},"end":{"line":198,"column":6}},"70":{"start":{"line":150,"column":8},"end":{"line":153,"column":9}},"71":{"start":{"line":151,"column":12},"end":{"line":151,"column":48}},"72":{"start":{"line":152,"column":12},"end":{"line":152,"column":18}},"73":{"start":{"line":154,"column":8},"end":{"line":197,"column":9}},"74":{"start":{"line":159,"column":16},"end":{"line":162,"column":17}},"75":{"start":{"line":160,"column":20},"end":{"line":160,"column":56}},"76":{"start":{"line":161,"column":20},"end":{"line":161,"column":26}},"77":{"start":{"line":164,"column":16},"end":{"line":194,"column":17}},"78":{"start":{"line":165,"column":20},"end":{"line":165,"column":26}},"79":{"start":{"line":166,"column":20},"end":{"line":166,"column":26}},"80":{"start":{"line":167,"column":22},"end":{"line":194,"column":17}},"81":{"start":{"line":168,"column":20},"end":{"line":168,"column":26}},"82":{"start":{"line":169,"column":20},"end":{"line":169,"column":26}},"83":{"start":{"line":171,"column":21},"end":{"line":194,"column":17}},"84":{"start":{"line":172,"column":20},"end":{"line":185,"column":21}},"85":{"start":{"line":178,"column":28},"end":{"line":181,"column":29}},"86":{"start":{"line":179,"column":32},"end":{"line":179,"column":68}},"87":{"start":{"line":180,"column":32},"end":{"line":180,"column":38}},"88":{"start":{"line":182,"column":28},"end":{"line":182,"column":34}},"89":{"start":{"line":183,"column":28},"end":{"line":183,"column":34}},"90":{"start":{"line":187,"column":21},"end":{"line":194,"column":17}},"91":{"start":{"line":188,"column":20},"end":{"line":188,"column":89}},"92":{"start":{"line":189,"column":20},"end":{"line":189,"column":26}},"93":{"start":{"line":192,"column":20},"end":{"line":192,"column":75}},"94":{"start":{"line":193,"column":20},"end":{"line":193,"column":26}},"95":{"start":{"line":201,"column":0},"end":{"line":223,"column":1}},"96":{"start":{"line":202,"column":4},"end":{"line":222,"column":6}},"97":{"start":{"line":203,"column":8},"end":{"line":206,"column":9}},"98":{"start":{"line":204,"column":12},"end":{"line":204,"column":48}},"99":{"start":{"line":205,"column":12},"end":{"line":205,"column":18}},"100":{"start":{"line":207,"column":8},"end":{"line":220,"column":9}},"101":{"start":{"line":212,"column":16},"end":{"line":215,"column":17}},"102":{"start":{"line":213,"column":20},"end":{"line":213,"column":56}},"103":{"start":{"line":214,"column":20},"end":{"line":214,"column":26}},"104":{"start":{"line":217,"column":16},"end":{"line":217,"column":41}},"105":{"start":{"line":218,"column":16},"end":{"line":218,"column":22}},"106":{"start":{"line":225,"column":0},"end":{"line":241,"column":1}},"107":{"start":{"line":227,"column":7},"end":{"line":238,"column":9}},"108":{"start":{"line":231,"column":12},"end":{"line":234,"column":13}},"109":{"start":{"line":232,"column":16},"end":{"line":232,"column":52}},"110":{"start":{"line":233,"column":16},"end":{"line":233,"column":22}},"111":{"start":{"line":236,"column":12},"end":{"line":236,"column":31}},"112":{"start":{"line":237,"column":12},"end":{"line":237,"column":18}},"113":{"start":{"line":243,"column":0},"end":{"line":263,"column":1}},"114":{"start":{"line":244,"column":4},"end":{"line":262,"column":6}},"115":{"start":{"line":245,"column":8},"end":{"line":248,"column":9}},"116":{"start":{"line":246,"column":12},"end":{"line":246,"column":48}},"117":{"start":{"line":247,"column":12},"end":{"line":247,"column":18}},"118":{"start":{"line":249,"column":7},"end":{"line":249,"column":28}},"119":{"start":{"line":251,"column":21},"end":{"line":251,"column":26}},"120":{"start":{"line":252,"column":7},"end":{"line":256,"column":9}},"121":{"start":{"line":253,"column":11},"end":{"line":255,"column":12}},"122":{"start":{"line":254,"column":12},"end":{"line":254,"column":26}},"123":{"start":{"line":257,"column":7},"end":{"line":260,"column":8}},"124":{"start":{"line":258,"column":8},"end":{"line":258,"column":68}},"125":{"start":{"line":259,"column":8},"end":{"line":259,"column":14}},"126":{"start":{"line":261,"column":7},"end":{"line":261,"column":13}},"127":{"start":{"line":268,"column":0},"end":{"line":286,"column":1}},"128":{"start":{"line":269,"column":4},"end":{"line":283,"column":6}},"129":{"start":{"line":273,"column":23},"end":{"line":273,"column":31}},"130":{"start":{"line":274,"column":12},"end":{"line":281,"column":13}},"131":{"start":{"line":277,"column":16},"end":{"line":277,"column":39}},"132":{"start":{"line":278,"column":16},"end":{"line":278,"column":22}},"133":{"start":{"line":280,"column":16},"end":{"line":280,"column":67}},"134":{"start":{"line":288,"column":0},"end":{"line":300,"column":1}},"135":{"start":{"line":289,"column":4},"end":{"line":299,"column":6}},"136":{"start":{"line":290,"column":8},"end":{"line":293,"column":9}},"137":{"start":{"line":291,"column":12},"end":{"line":291,"column":48}},"138":{"start":{"line":292,"column":12},"end":{"line":292,"column":18}},"139":{"start":{"line":294,"column":8},"end":{"line":296,"column":9}},"140":{"start":{"line":295,"column":12},"end":{"line":295,"column":40}},"141":{"start":{"line":297,"column":8},"end":{"line":297,"column":14}},"142":{"start":{"line":303,"column":16},"end":{"line":315,"column":1}},"143":{"start":{"line":316,"column":0},"end":{"line":316,"column":24}}},"fnMap":{"0":{"name":"(anonymous_0)","decl":{"start":{"line":9,"column":14},"end":{"line":9,"column":15}},"loc":{"start":{"line":9,"column":34},"end":{"line":23,"column":1}},"line":9},"1":{"name":"(anonymous_1)","decl":{"start":{"line":16,"column":55},"end":{"line":16,"column":56}},"loc":{"start":{"line":16,"column":73},"end":{"line":22,"column":5}},"line":16},"2":{"name":"(anonymous_2)","decl":{"start":{"line":26,"column":10},"end":{"line":26,"column":11}},"loc":{"start":{"line":26,"column":30},"end":{"line":60,"column":1}},"line":26},"3":{"name":"(anonymous_3)","decl":{"start":{"line":27,"column":35},"end":{"line":27,"column":36}},"loc":{"start":{"line":27,"column":50},"end":{"line":59,"column":5}},"line":27},"4":{"name":"(anonymous_4)","decl":{"start":{"line":37,"column":12},"end":{"line":37,"column":13}},"loc":{"start":{"line":37,"column":28},"end":{"line":56,"column":13}},"line":37},"5":{"name":"(anonymous_5)","decl":{"start":{"line":62,"column":12},"end":{"line":62,"column":13}},"loc":{"start":{"line":62,"column":32},"end":{"line":87,"column":1}},"line":62},"6":{"name":"(anonymous_6)","decl":{"start":{"line":63,"column":35},"end":{"line":63,"column":36}},"loc":{"start":{"line":63,"column":50},"end":{"line":86,"column":5}},"line":63},"7":{"name":"(anonymous_7)","decl":{"start":{"line":72,"column":12},"end":{"line":72,"column":13}},"loc":{"start":{"line":72,"column":28},"end":{"line":83,"column":13}},"line":72},"8":{"name":"(anonymous_8)","decl":{"start":{"line":90,"column":11},"end":{"line":90,"column":12}},"loc":{"start":{"line":90,"column":31},"end":{"line":115,"column":1}},"line":90},"9":{"name":"(anonymous_9)","decl":{"start":{"line":91,"column":35},"end":{"line":91,"column":36}},"loc":{"start":{"line":91,"column":50},"end":{"line":114,"column":5}},"line":91},"10":{"name":"(anonymous_10)","decl":{"start":{"line":100,"column":12},"end":{"line":100,"column":13}},"loc":{"start":{"line":100,"column":28},"end":{"line":111,"column":13}},"line":100},"11":{"name":"(anonymous_11)","decl":{"start":{"line":118,"column":19},"end":{"line":118,"column":20}},"loc":{"start":{"line":118,"column":39},"end":{"line":143,"column":1}},"line":118},"12":{"name":"(anonymous_12)","decl":{"start":{"line":119,"column":35},"end":{"line":119,"column":36}},"loc":{"start":{"line":119,"column":50},"end":{"line":142,"column":5}},"line":119},"13":{"name":"(anonymous_13)","decl":{"start":{"line":128,"column":12},"end":{"line":128,"column":13}},"loc":{"start":{"line":128,"column":28},"end":{"line":139,"column":13}},"line":128},"14":{"name":"(anonymous_14)","decl":{"start":{"line":146,"column":10},"end":{"line":146,"column":11}},"loc":{"start":{"line":146,"column":30},"end":{"line":199,"column":1}},"line":146},"15":{"name":"(anonymous_15)","decl":{"start":{"line":149,"column":35},"end":{"line":149,"column":36}},"loc":{"start":{"line":149,"column":50},"end":{"line":198,"column":5}},"line":149},"16":{"name":"(anonymous_16)","decl":{"start":{"line":158,"column":12},"end":{"line":158,"column":13}},"loc":{"start":{"line":158,"column":28},"end":{"line":196,"column":13}},"line":158},"17":{"name":"(anonymous_17)","decl":{"start":{"line":177,"column":24},"end":{"line":177,"column":25}},"loc":{"start":{"line":177,"column":33},"end":{"line":184,"column":25}},"line":177},"18":{"name":"(anonymous_18)","decl":{"start":{"line":201,"column":18},"end":{"line":201,"column":19}},"loc":{"start":{"line":201,"column":38},"end":{"line":223,"column":1}},"line":201},"19":{"name":"(anonymous_19)","decl":{"start":{"line":202,"column":35},"end":{"line":202,"column":36}},"loc":{"start":{"line":202,"column":50},"end":{"line":222,"column":5}},"line":202},"20":{"name":"(anonymous_20)","decl":{"start":{"line":211,"column":12},"end":{"line":211,"column":13}},"loc":{"start":{"line":211,"column":28},"end":{"line":219,"column":13}},"line":211},"21":{"name":"(anonymous_21)","decl":{"start":{"line":225,"column":14},"end":{"line":225,"column":15}},"loc":{"start":{"line":225,"column":34},"end":{"line":241,"column":1}},"line":225},"22":{"name":"(anonymous_22)","decl":{"start":{"line":230,"column":15},"end":{"line":230,"column":16}},"loc":{"start":{"line":230,"column":32},"end":{"line":238,"column":8}},"line":230},"23":{"name":"(anonymous_23)","decl":{"start":{"line":243,"column":14},"end":{"line":243,"column":15}},"loc":{"start":{"line":243,"column":34},"end":{"line":263,"column":1}},"line":243},"24":{"name":"(anonymous_24)","decl":{"start":{"line":244,"column":53},"end":{"line":244,"column":54}},"loc":{"start":{"line":244,"column":68},"end":{"line":262,"column":5}},"line":244},"25":{"name":"(anonymous_25)","decl":{"start":{"line":252,"column":20},"end":{"line":252,"column":21}},"loc":{"start":{"line":252,"column":31},"end":{"line":256,"column":8}},"line":252},"26":{"name":"(anonymous_26)","decl":{"start":{"line":268,"column":16},"end":{"line":268,"column":17}},"loc":{"start":{"line":268,"column":35},"end":{"line":286,"column":1}},"line":268},"27":{"name":"(anonymous_27)","decl":{"start":{"line":272,"column":33},"end":{"line":272,"column":34}},"loc":{"start":{"line":272,"column":49},"end":{"line":283,"column":5}},"line":272},"28":{"name":"(anonymous_28)","decl":{"start":{"line":288,"column":13},"end":{"line":288,"column":14}},"loc":{"start":{"line":288,"column":32},"end":{"line":300,"column":1}},"line":288},"29":{"name":"(anonymous_29)","decl":{"start":{"line":289,"column":59},"end":{"line":289,"column":60}},"loc":{"start":{"line":289,"column":74},"end":{"line":299,"column":5}},"line":289}},"branchMap":{"0":{"loc":{"start":{"line":12,"column":4},"end":{"line":14,"column":5}},"type":"if","locations":[{"start":{"line":12,"column":4},"end":{"line":14,"column":5}},{"start":{"line":12,"column":4},"end":{"line":14,"column":5}}],"line":12},"1":{"loc":{"start":{"line":17,"column":8},"end":{"line":19,"column":9}},"type":"if","locations":[{"start":{"line":17,"column":8},"end":{"line":19,"column":9}},{"start":{"line":17,"column":8},"end":{"line":19,"column":9}}],"line":17},"2":{"loc":{"start":{"line":28,"column":8},"end":{"line":31,"column":9}},"type":"if","locations":[{"start":{"line":28,"column":8},"end":{"line":31,"column":9}},{"start":{"line":28,"column":8},"end":{"line":31,"column":9}}],"line":28},"3":{"loc":{"start":{"line":38,"column":16},"end":{"line":41,"column":17}},"type":"if","locations":[{"start":{"line":38,"column":16},"end":{"line":41,"column":17}},{"start":{"line":38,"column":16},"end":{"line":41,"column":17}}],"line":38},"4":{"loc":{"start":{"line":51,"column":16},"end":{"line":54,"column":17}},"type":"if","locations":[{"start":{"line":51,"column":16},"end":{"line":54,"column":17}},{"start":{"line":51,"column":16},"end":{"line":54,"column":17}}],"line":51},"5":{"loc":{"start":{"line":64,"column":8},"end":{"line":67,"column":9}},"type":"if","locations":[{"start":{"line":64,"column":8},"end":{"line":67,"column":9}},{"start":{"line":64,"column":8},"end":{"line":67,"column":9}}],"line":64},"6":{"loc":{"start":{"line":73,"column":16},"end":{"line":76,"column":17}},"type":"if","locations":[{"start":{"line":73,"column":16},"end":{"line":76,"column":17}},{"start":{"line":73,"column":16},"end":{"line":76,"column":17}}],"line":73},"7":{"loc":{"start":{"line":78,"column":16},"end":{"line":81,"column":17}},"type":"if","locations":[{"start":{"line":78,"column":16},"end":{"line":81,"column":17}},{"start":{"line":78,"column":16},"end":{"line":81,"column":17}}],"line":78},"8":{"loc":{"start":{"line":92,"column":8},"end":{"line":95,"column":9}},"type":"if","locations":[{"start":{"line":92,"column":8},"end":{"line":95,"column":9}},{"start":{"line":92,"column":8},"end":{"line":95,"column":9}}],"line":92},"9":{"loc":{"start":{"line":101,"column":16},"end":{"line":104,"column":17}},"type":"if","locations":[{"start":{"line":101,"column":16},"end":{"line":104,"column":17}},{"start":{"line":101,"column":16},"end":{"line":104,"column":17}}],"line":101},"10":{"loc":{"start":{"line":106,"column":16},"end":{"line":109,"column":17}},"type":"if","locations":[{"start":{"line":106,"column":16},"end":{"line":109,"column":17}},{"start":{"line":106,"column":16},"end":{"line":109,"column":17}}],"line":106},"11":{"loc":{"start":{"line":120,"column":8},"end":{"line":123,"column":9}},"type":"if","locations":[{"start":{"line":120,"column":8},"end":{"line":123,"column":9}},{"start":{"line":120,"column":8},"end":{"line":123,"column":9}}],"line":120},"12":{"loc":{"start":{"line":129,"column":16},"end":{"line":132,"column":17}},"type":"if","locations":[{"start":{"line":129,"column":16},"end":{"line":132,"column":17}},{"start":{"line":129,"column":16},"end":{"line":132,"column":17}}],"line":129},"13":{"loc":{"start":{"line":134,"column":16},"end":{"line":137,"column":17}},"type":"if","locations":[{"start":{"line":134,"column":16},"end":{"line":137,"column":17}},{"start":{"line":134,"column":16},"end":{"line":137,"column":17}}],"line":134},"14":{"loc":{"start":{"line":150,"column":8},"end":{"line":153,"column":9}},"type":"if","locations":[{"start":{"line":150,"column":8},"end":{"line":153,"column":9}},{"start":{"line":150,"column":8},"end":{"line":153,"column":9}}],"line":150},"15":{"loc":{"start":{"line":159,"column":16},"end":{"line":162,"column":17}},"type":"if","locations":[{"start":{"line":159,"column":16},"end":{"line":162,"column":17}},{"start":{"line":159,"column":16},"end":{"line":162,"column":17}}],"line":159},"16":{"loc":{"start":{"line":164,"column":16},"end":{"line":194,"column":17}},"type":"if","locations":[{"start":{"line":164,"column":16},"end":{"line":194,"column":17}},{"start":{"line":164,"column":16},"end":{"line":194,"column":17}}],"line":164},"17":{"loc":{"start":{"line":164,"column":19},"end":{"line":164,"column":114}},"type":"binary-expr","locations":[{"start":{"line":164,"column":19},"end":{"line":164,"column":40}},{"start":{"line":164,"column":44},"end":{"line":164,"column":75}},{"start":{"line":164,"column":79},"end":{"line":164,"column":114}}],"line":164},"18":{"loc":{"start":{"line":167,"column":22},"end":{"line":194,"column":17}},"type":"if","locations":[{"start":{"line":167,"column":22},"end":{"line":194,"column":17}},{"start":{"line":167,"column":22},"end":{"line":194,"column":17}}],"line":167},"19":{"loc":{"start":{"line":171,"column":21},"end":{"line":194,"column":17}},"type":"if","locations":[{"start":{"line":171,"column":21},"end":{"line":194,"column":17}},{"start":{"line":171,"column":21},"end":{"line":194,"column":17}}],"line":171},"20":{"loc":{"start":{"line":178,"column":28},"end":{"line":181,"column":29}},"type":"if","locations":[{"start":{"line":178,"column":28},"end":{"line":181,"column":29}},{"start":{"line":178,"column":28},"end":{"line":181,"column":29}}],"line":178},"21":{"loc":{"start":{"line":187,"column":21},"end":{"line":194,"column":17}},"type":"if","locations":[{"start":{"line":187,"column":21},"end":{"line":194,"column":17}},{"start":{"line":187,"column":21},"end":{"line":194,"column":17}}],"line":187},"22":{"loc":{"start":{"line":203,"column":8},"end":{"line":206,"column":9}},"type":"if","locations":[{"start":{"line":203,"column":8},"end":{"line":206,"column":9}},{"start":{"line":203,"column":8},"end":{"line":206,"column":9}}],"line":203},"23":{"loc":{"start":{"line":212,"column":16},"end":{"line":215,"column":17}},"type":"if","locations":[{"start":{"line":212,"column":16},"end":{"line":215,"column":17}},{"start":{"line":212,"column":16},"end":{"line":215,"column":17}}],"line":212},"24":{"loc":{"start":{"line":231,"column":12},"end":{"line":234,"column":13}},"type":"if","locations":[{"start":{"line":231,"column":12},"end":{"line":234,"column":13}},{"start":{"line":231,"column":12},"end":{"line":234,"column":13}}],"line":231},"25":{"loc":{"start":{"line":245,"column":8},"end":{"line":248,"column":9}},"type":"if","locations":[{"start":{"line":245,"column":8},"end":{"line":248,"column":9}},{"start":{"line":245,"column":8},"end":{"line":248,"column":9}}],"line":245},"26":{"loc":{"start":{"line":253,"column":11},"end":{"line":255,"column":12}},"type":"if","locations":[{"start":{"line":253,"column":11},"end":{"line":255,"column":12}},{"start":{"line":253,"column":11},"end":{"line":255,"column":12}}],"line":253},"27":{"loc":{"start":{"line":253,"column":14},"end":{"line":253,"column":82}},"type":"binary-expr","locations":[{"start":{"line":253,"column":14},"end":{"line":253,"column":45}},{"start":{"line":253,"column":49},"end":{"line":253,"column":82}}],"line":253},"28":{"loc":{"start":{"line":257,"column":7},"end":{"line":260,"column":8}},"type":"if","locations":[{"start":{"line":257,"column":7},"end":{"line":260,"column":8}},{"start":{"line":257,"column":7},"end":{"line":260,"column":8}}],"line":257},"29":{"loc":{"start":{"line":274,"column":12},"end":{"line":281,"column":13}},"type":"if","locations":[{"start":{"line":274,"column":12},"end":{"line":281,"column":13}},{"start":{"line":274,"column":12},"end":{"line":281,"column":13}}],"line":274},"30":{"loc":{"start":{"line":274,"column":15},"end":{"line":276,"column":96}},"type":"binary-expr","locations":[{"start":{"line":274,"column":15},"end":{"line":274,"column":27}},{"start":{"line":274,"column":31},"end":{"line":274,"column":71}},{"start":{"line":275,"column":12},"end":{"line":275,"column":52}},{"start":{"line":275,"column":56},"end":{"line":275,"column":96}},{"start":{"line":276,"column":12},"end":{"line":276,"column":52}},{"start":{"line":276,"column":56},"end":{"line":276,"column":96}}],"line":274},"31":{"loc":{"start":{"line":290,"column":8},"end":{"line":293,"column":9}},"type":"if","locations":[{"start":{"line":290,"column":8},"end":{"line":293,"column":9}},{"start":{"line":290,"column":8},"end":{"line":293,"column":9}}],"line":290},"32":{"loc":{"start":{"line":294,"column":8},"end":{"line":296,"column":9}},"type":"if","locations":[{"start":{"line":294,"column":8},"end":{"line":296,"column":9}},{"start":{"line":294,"column":8},"end":{"line":296,"column":9}}],"line":294}},"s":{"0":1,"1":1,"2":1,"3":1,"4":1,"5":1,"6":1,"7":1,"8":0,"9":0,"10":0,"11":0,"12":0,"13":0,"14":0,"15":0,"16":1,"17":0,"18":0,"19":0,"20":0,"21":0,"22":0,"23":0,"24":0,"25":0,"26":0,"27":0,"28":0,"29":1,"30":0,"31":0,"32":0,"33":0,"34":0,"35":0,"36":0,"37":0,"38":0,"39":0,"40":0,"41":0,"42":1,"43":0,"44":0,"45":0,"46":0,"47":0,"48":0,"49":0,"50":0,"51":0,"52":0,"53":0,"54":0,"55":1,"56":0,"57":0,"58":0,"59":0,"60":0,"61":0,"62":0,"63":0,"64":0,"65":0,"66":0,"67":0,"68":1,"69":0,"70":0,"71":0,"72":0,"73":0,"74":0,"75":0,"76":0,"77":0,"78":0,"79":0,"80":0,"81":0,"82":0,"83":0,"84":0,"85":0,"86":0,"87":0,"88":0,"89":0,"90":0,"91":0,"92":0,"93":0,"94":0,"95":1,"96":0,"97":0,"98":0,"99":0,"100":0,"101":0,"102":0,"103":0,"104":0,"105":0,"106":1,"107":0,"108":0,"109":0,"110":0,"111":0,"112":0,"113":1,"114":0,"115":0,"116":0,"117":0,"118":0,"119":0,"120":0,"121":0,"122":0,"123":0,"124":0,"125":0,"126":0,"127":1,"128":0,"129":0,"130":0,"131":0,"132":0,"133":0,"134":1,"135":0,"136":0,"137":0,"138":0,"139":0,"140":0,"141":0,"142":1,"143":1},"f":{"0":0,"1":0,"2":0,"3":0,"4":0,"5":0,"6":0,"7":0,"8":0,"9":0,"10":0,"11":0,"12":0,"13":0,"14":0,"15":0,"16":0,"17":0,"18":0,"19":0,"20":0,"21":0,"22":0,"23":0,"24":0,"25":0,"26":0,"27":0,"28":0,"29":0},"b":{"0":[0,0],"1":[0,0],"2":[0,0],"3":[0,0],"4":[0,0],"5":[0,0],"6":[0,0],"7":[0,0],"8":[0,0],"9":[0,0],"10":[0,0],"11":[0,0],"12":[0,0],"13":[0,0],"14":[0,0],"15":[0,0],"16":[0,0],"17":[0,0,0],"18":[0,0],"19":[0,0],"20":[0,0],"21":[0,0],"22":[0,0],"23":[0,0],"24":[0,0],"25":[0,0],"26":[0,0],"27":[0,0],"28":[0,0],"29":[0,0],"30":[0,0,0,0,0,0],"31":[0,0],"32":[0,0]},"_coverageSchema":"1a1c01bbd47fc00a2c39e90264f33305004495a9","hash":"57a1643c240c2f815c000ac0302b3d37a036014e","contentHash":"8072665b3d10d7d1433ef49fcd2765a0e9b3fe89710a246ca5bceffede28f4b1"},"/Users/ryanleyland/Documents/GitHub/CovidNow/API/middlewares/verifyRegister.js":{"path":"/Users/ryanleyland/Documents/GitHub/CovidNow/API/middlewares/verifyRegister.js","statementMap":{"0":{"start":{"line":1,"column":11},"end":{"line":1,"column":31}},"1":{"start":{"line":2,"column":14},"end":{"line":2,"column":22}},"2":{"start":{"line":3,"column":13},"end":{"line":3,"column":20}},"3":{"start":{"line":6,"column":0},"end":{"line":23,"column":1}},"4":{"start":{"line":7,"column":4},"end":{"line":21,"column":6}},"5":{"start":{"line":10,"column":8},"end":{"line":13,"column":9}},"6":{"start":{"line":11,"column":12},"end":{"line":11,"column":48}},"7":{"start":{"line":12,"column":12},"end":{"line":12,"column":19}},"8":{"start":{"line":15,"column":8},"end":{"line":18,"column":9}},"9":{"start":{"line":16,"column":12},"end":{"line":16,"column":67}},"10":{"start":{"line":17,"column":12},"end":{"line":17,"column":19}},"11":{"start":{"line":20,"column":8},"end":{"line":20,"column":15}},"12":{"start":{"line":25,"column":0},"end":{"line":27,"column":1}},"13":{"start":{"line":29,"column":23},"end":{"line":29,"column":44}},"14":{"start":{"line":31,"column":0},"end":{"line":31,"column":31}}},"fnMap":{"0":{"name":"(anonymous_0)","decl":{"start":{"line":6,"column":22},"end":{"line":6,"column":23}},"loc":{"start":{"line":6,"column":42},"end":{"line":23,"column":1}},"line":6},"1":{"name":"(anonymous_1)","decl":{"start":{"line":9,"column":12},"end":{"line":9,"column":13}},"loc":{"start":{"line":9,"column":27},"end":{"line":21,"column":5}},"line":9},"2":{"name":"(anonymous_2)","decl":{"start":{"line":25,"column":13},"end":{"line":25,"column":14}},"loc":{"start":{"line":25,"column":33},"end":{"line":27,"column":1}},"line":25}},"branchMap":{"0":{"loc":{"start":{"line":10,"column":8},"end":{"line":13,"column":9}},"type":"if","locations":[{"start":{"line":10,"column":8},"end":{"line":13,"column":9}},{"start":{"line":10,"column":8},"end":{"line":13,"column":9}}],"line":10},"1":{"loc":{"start":{"line":15,"column":8},"end":{"line":18,"column":9}},"type":"if","locations":[{"start":{"line":15,"column":8},"end":{"line":18,"column":9}},{"start":{"line":15,"column":8},"end":{"line":18,"column":9}}],"line":15}},"s":{"0":1,"1":1,"2":1,"3":1,"4":2,"5":2,"6":0,"7":0,"8":2,"9":2,"10":2,"11":0,"12":1,"13":1,"14":1},"f":{"0":2,"1":2,"2":0},"b":{"0":[0,2],"1":[2,0]},"_coverageSchema":"1a1c01bbd47fc00a2c39e90264f33305004495a9","hash":"36ea8869cfe0152920d0d362f0e0723aacf8fb6d","contentHash":"ffeb9a5350e2afb955377347e20946ddad59093bf96c565af30fac17a70ef141"},"/Users/ryanleyland/Documents/GitHub/CovidNow/API/routes/verificationRoutes.js":{"path":"/Users/ryanleyland/Documents/GitHub/CovidNow/API/routes/verificationRoutes.js","statementMap":{"0":{"start":{"line":1,"column":20},"end":{"line":1,"column":45}},"1":{"start":{"line":2,"column":19},"end":{"line":2,"column":67}},"2":{"start":{"line":4,"column":0},"end":{"line":30,"column":1}},"3":{"start":{"line":5,"column":4},"end":{"line":11,"column":9}},"4":{"start":{"line":6,"column":8},"end":{"line":9,"column":10}},"5":{"start":{"line":10,"column":8},"end":{"line":10,"column":15}},"6":{"start":{"line":13,"column":6},"end":{"line":17,"column":7}},"7":{"start":{"line":19,"column":6},"end":{"line":23,"column":7}},"8":{"start":{"line":25,"column":6},"end":{"line":29,"column":7}}},"fnMap":{"0":{"name":"(anonymous_0)","decl":{"start":{"line":4,"column":17},"end":{"line":4,"column":18}},"loc":{"start":{"line":4,"column":30},"end":{"line":30,"column":1}},"line":4},"1":{"name":"(anonymous_1)","decl":{"start":{"line":5,"column":12},"end":{"line":5,"column":13}},"loc":{"start":{"line":5,"column":37},"end":{"line":11,"column":7}},"line":5}},"branchMap":{},"s":{"0":1,"1":1,"2":1,"3":1,"4":0,"5":0,"6":1,"7":1,"8":1},"f":{"0":1,"1":0},"b":{},"_coverageSchema":"1a1c01bbd47fc00a2c39e90264f33305004495a9","hash":"412fc8f922c4f9cfca54d550ea64826ddede53ea","contentHash":"dd8de65d22dc69267b209b710f2e1a979537fa4cda796df3dfb908d179d8e69e"},"/Users/ryanleyland/Documents/GitHub/CovidNow/API/controllers/verificationController.js":{"path":"/Users/ryanleyland/Documents/GitHub/CovidNow/API/controllers/verificationController.js","statementMap":{"0":{"start":{"line":1,"column":17},"end":{"line":1,"column":37}},"1":{"start":{"line":2,"column":11},"end":{"line":2,"column":31}},"2":{"start":{"line":3,"column":13},"end":{"line":3,"column":20}},"3":{"start":{"line":4,"column":13},"end":{"line":4,"column":20}},"4":{"start":{"line":7,"column":0},"end":{"line":35,"column":2}},"5":{"start":{"line":8,"column":2},"end":{"line":34,"column":5}},"6":{"start":{"line":11,"column":4},"end":{"line":14,"column":5}},"7":{"start":{"line":12,"column":6},"end":{"line":12,"column":45}},"8":{"start":{"line":13,"column":6},"end":{"line":13,"column":13}},"9":{"start":{"line":16,"column":14},"end":{"line":16,"column":16}},"10":{"start":{"line":17,"column":4},"end":{"line":23,"column":5}},"11":{"start":{"line":18,"column":6},"end":{"line":18,"column":31}},"12":{"start":{"line":19,"column":6},"end":{"line":19,"column":36}},"13":{"start":{"line":21,"column":6},"end":{"line":21,"column":31}},"14":{"start":{"line":22,"column":6},"end":{"line":22,"column":35}},"15":{"start":{"line":24,"column":4},"end":{"line":33,"column":7}},"16":{"start":{"line":25,"column":6},"end":{"line":28,"column":7}},"17":{"start":{"line":26,"column":8},"end":{"line":26,"column":47}},"18":{"start":{"line":27,"column":8},"end":{"line":27,"column":15}},"19":{"start":{"line":30,"column":6},"end":{"line":32,"column":9}},"20":{"start":{"line":38,"column":0},"end":{"line":81,"column":2}},"21":{"start":{"line":39,"column":2},"end":{"line":80,"column":5}},"22":{"start":{"line":40,"column":4},"end":{"line":79,"column":6}},"23":{"start":{"line":45,"column":8},"end":{"line":48,"column":9}},"24":{"start":{"line":46,"column":10},"end":{"line":46,"column":49}},"25":{"start":{"line":47,"column":10},"end":{"line":47,"column":17}},"26":{"start":{"line":49,"column":25},"end":{"line":49,"column":34}},"27":{"start":{"line":52,"column":8},"end":{"line":66,"column":9}},"28":{"start":{"line":54,"column":10},"end":{"line":54,"column":64}},"29":{"start":{"line":55,"column":10},"end":{"line":55,"column":64}},"30":{"start":{"line":56,"column":10},"end":{"line":56,"column":56}},"31":{"start":{"line":57,"column":10},"end":{"line":57,"column":68}},"32":{"start":{"line":58,"column":10},"end":{"line":58,"column":64}},"33":{"start":{"line":61,"column":10},"end":{"line":61,"column":65}},"34":{"start":{"line":62,"column":15},"end":{"line":66,"column":9}},"35":{"start":{"line":63,"column":10},"end":{"line":63,"column":79}},"36":{"start":{"line":64,"column":15},"end":{"line":66,"column":9}},"37":{"start":{"line":65,"column":10},"end":{"line":65,"column":75}},"38":{"start":{"line":68,"column":8},"end":{"line":77,"column":11}},"39":{"start":{"line":69,"column":10},"end":{"line":72,"column":11}},"40":{"start":{"line":70,"column":12},"end":{"line":70,"column":51}},"41":{"start":{"line":71,"column":12},"end":{"line":71,"column":19}},"42":{"start":{"line":73,"column":10},"end":{"line":76,"column":13}},"43":{"start":{"line":84,"column":0},"end":{"line":114,"column":2}},"44":{"start":{"line":85,"column":2},"end":{"line":113,"column":5}},"45":{"start":{"line":91,"column":4},"end":{"line":94,"column":5}},"46":{"start":{"line":92,"column":6},"end":{"line":92,"column":45}},"47":{"start":{"line":93,"column":6},"end":{"line":93,"column":13}},"48":{"start":{"line":95,"column":4},"end":{"line":112,"column":7}},"49":{"start":{"line":96,"column":6},"end":{"line":111,"column":9}},"50":{"start":{"line":102,"column":8},"end":{"line":105,"column":9}},"51":{"start":{"line":103,"column":10},"end":{"line":103,"column":49}},"52":{"start":{"line":104,"column":10},"end":{"line":104,"column":17}},"53":{"start":{"line":106,"column":8},"end":{"line":106,"column":28}},"54":{"start":{"line":108,"column":8},"end":{"line":110,"column":9}},"55":{"start":{"line":109,"column":10},"end":{"line":109,"column":27}}},"fnMap":{"0":{"name":"(anonymous_0)","decl":{"start":{"line":7,"column":21},"end":{"line":7,"column":22}},"loc":{"start":{"line":7,"column":35},"end":{"line":35,"column":1}},"line":7},"1":{"name":"(anonymous_1)","decl":{"start":{"line":10,"column":10},"end":{"line":10,"column":11}},"loc":{"start":{"line":10,"column":25},"end":{"line":34,"column":3}},"line":10},"2":{"name":"(anonymous_2)","decl":{"start":{"line":24,"column":14},"end":{"line":24,"column":15}},"loc":{"start":{"line":24,"column":23},"end":{"line":33,"column":5}},"line":24},"3":{"name":"(anonymous_3)","decl":{"start":{"line":38,"column":26},"end":{"line":38,"column":27}},"loc":{"start":{"line":38,"column":40},"end":{"line":81,"column":1}},"line":38},"4":{"name":"(anonymous_4)","decl":{"start":{"line":39,"column":33},"end":{"line":39,"column":34}},"loc":{"start":{"line":39,"column":48},"end":{"line":80,"column":3}},"line":39},"5":{"name":"(anonymous_5)","decl":{"start":{"line":44,"column":6},"end":{"line":44,"column":7}},"loc":{"start":{"line":44,"column":21},"end":{"line":78,"column":7}},"line":44},"6":{"name":"(anonymous_6)","decl":{"start":{"line":68,"column":18},"end":{"line":68,"column":19}},"loc":{"start":{"line":68,"column":27},"end":{"line":77,"column":9}},"line":68},"7":{"name":"(anonymous_7)","decl":{"start":{"line":84,"column":25},"end":{"line":84,"column":26}},"loc":{"start":{"line":84,"column":39},"end":{"line":114,"column":1}},"line":84},"8":{"name":"(anonymous_8)","decl":{"start":{"line":90,"column":9},"end":{"line":90,"column":10}},"loc":{"start":{"line":90,"column":32},"end":{"line":113,"column":3}},"line":90},"9":{"name":"(anonymous_9)","decl":{"start":{"line":95,"column":25},"end":{"line":95,"column":26}},"loc":{"start":{"line":95,"column":41},"end":{"line":112,"column":5}},"line":95},"10":{"name":"(anonymous_10)","decl":{"start":{"line":101,"column":13},"end":{"line":101,"column":14}},"loc":{"start":{"line":101,"column":28},"end":{"line":111,"column":7}},"line":101}},"branchMap":{"0":{"loc":{"start":{"line":11,"column":4},"end":{"line":14,"column":5}},"type":"if","locations":[{"start":{"line":11,"column":4},"end":{"line":14,"column":5}},{"start":{"line":11,"column":4},"end":{"line":14,"column":5}}],"line":11},"1":{"loc":{"start":{"line":17,"column":4},"end":{"line":23,"column":5}},"type":"if","locations":[{"start":{"line":17,"column":4},"end":{"line":23,"column":5}},{"start":{"line":17,"column":4},"end":{"line":23,"column":5}}],"line":17},"2":{"loc":{"start":{"line":25,"column":6},"end":{"line":28,"column":7}},"type":"if","locations":[{"start":{"line":25,"column":6},"end":{"line":28,"column":7}},{"start":{"line":25,"column":6},"end":{"line":28,"column":7}}],"line":25},"3":{"loc":{"start":{"line":45,"column":8},"end":{"line":48,"column":9}},"type":"if","locations":[{"start":{"line":45,"column":8},"end":{"line":48,"column":9}},{"start":{"line":45,"column":8},"end":{"line":48,"column":9}}],"line":45},"4":{"loc":{"start":{"line":52,"column":8},"end":{"line":66,"column":9}},"type":"if","locations":[{"start":{"line":52,"column":8},"end":{"line":66,"column":9}},{"start":{"line":52,"column":8},"end":{"line":66,"column":9}}],"line":52},"5":{"loc":{"start":{"line":62,"column":15},"end":{"line":66,"column":9}},"type":"if","locations":[{"start":{"line":62,"column":15},"end":{"line":66,"column":9}},{"start":{"line":62,"column":15},"end":{"line":66,"column":9}}],"line":62},"6":{"loc":{"start":{"line":64,"column":15},"end":{"line":66,"column":9}},"type":"if","locations":[{"start":{"line":64,"column":15},"end":{"line":66,"column":9}},{"start":{"line":64,"column":15},"end":{"line":66,"column":9}}],"line":64},"7":{"loc":{"start":{"line":69,"column":10},"end":{"line":72,"column":11}},"type":"if","locations":[{"start":{"line":69,"column":10},"end":{"line":72,"column":11}},{"start":{"line":69,"column":10},"end":{"line":72,"column":11}}],"line":69},"8":{"loc":{"start":{"line":91,"column":4},"end":{"line":94,"column":5}},"type":"if","locations":[{"start":{"line":91,"column":4},"end":{"line":94,"column":5}},{"start":{"line":91,"column":4},"end":{"line":94,"column":5}}],"line":91},"9":{"loc":{"start":{"line":102,"column":8},"end":{"line":105,"column":9}},"type":"if","locations":[{"start":{"line":102,"column":8},"end":{"line":105,"column":9}},{"start":{"line":102,"column":8},"end":{"line":105,"column":9}}],"line":102},"10":{"loc":{"start":{"line":108,"column":8},"end":{"line":110,"column":9}},"type":"if","locations":[{"start":{"line":108,"column":8},"end":{"line":110,"column":9}},{"start":{"line":108,"column":8},"end":{"line":110,"column":9}}],"line":108}},"s":{"0":1,"1":1,"2":1,"3":1,"4":1,"5":0,"6":0,"7":0,"8":0,"9":0,"10":0,"11":0,"12":0,"13":0,"14":0,"15":0,"16":0,"17":0,"18":0,"19":0,"20":1,"21":0,"22":0,"23":0,"24":0,"25":0,"26":0,"27":0,"28":0,"29":0,"30":0,"31":0,"32":0,"33":0,"34":0,"35":0,"36":0,"37":0,"38":0,"39":0,"40":0,"41":0,"42":0,"43":1,"44":0,"45":0,"46":0,"47":0,"48":0,"49":0,"50":0,"51":0,"52":0,"53":0,"54":0,"55":0},"f":{"0":0,"1":0,"2":0,"3":0,"4":0,"5":0,"6":0,"7":0,"8":0,"9":0,"10":0},"b":{"0":[0,0],"1":[0,0],"2":[0,0],"3":[0,0],"4":[0,0],"5":[0,0],"6":[0,0],"7":[0,0],"8":[0,0],"9":[0,0],"10":[0,0]},"_coverageSchema":"1a1c01bbd47fc00a2c39e90264f33305004495a9","hash":"07c6965adbcb00cc21d10fcf981a7592e6a4c2fc","contentHash":"2c6f1c91c82b29a998b116f2da65818470f5909318df1af66c9864395e4bb277"},"/Users/ryanleyland/Documents/GitHub/CovidNow/API/routes/viewRoutes.js":{"path":"/Users/ryanleyland/Documents/GitHub/CovidNow/API/routes/viewRoutes.js","statementMap":{"0":{"start":{"line":1,"column":20},"end":{"line":1,"column":45}},"1":{"start":{"line":2,"column":19},"end":{"line":2,"column":60}},"2":{"start":{"line":3,"column":26},"end":{"line":3,"column":59}},"3":{"start":{"line":5,"column":0},"end":{"line":95,"column":2}},"4":{"start":{"line":6,"column":2},"end":{"line":12,"column":5}},"5":{"start":{"line":7,"column":4},"end":{"line":10,"column":6}},"6":{"start":{"line":11,"column":4},"end":{"line":11,"column":11}},"7":{"start":{"line":14,"column":2},"end":{"line":18,"column":4}},"8":{"start":{"line":20,"column":2},"end":{"line":24,"column":4}},"9":{"start":{"line":26,"column":2},"end":{"line":30,"column":4}},"10":{"start":{"line":32,"column":2},"end":{"line":41,"column":4}},"11":{"start":{"line":43,"column":2},"end":{"line":47,"column":4}},"12":{"start":{"line":48,"column":2},"end":{"line":52,"column":4}},"13":{"start":{"line":54,"column":2},"end":{"line":58,"column":4}},"14":{"start":{"line":60,"column":2},"end":{"line":64,"column":4}},"15":{"start":{"line":65,"column":2},"end":{"line":69,"column":4}},"16":{"start":{"line":71,"column":2},"end":{"line":75,"column":4}},"17":{"start":{"line":77,"column":2},"end":{"line":81,"column":4}},"18":{"start":{"line":83,"column":2},"end":{"line":87,"column":4}},"19":{"start":{"line":89,"column":2},"end":{"line":93,"column":4}}},"fnMap":{"0":{"name":"(anonymous_0)","decl":{"start":{"line":5,"column":17},"end":{"line":5,"column":18}},"loc":{"start":{"line":5,"column":32},"end":{"line":95,"column":1}},"line":5},"1":{"name":"(anonymous_1)","decl":{"start":{"line":6,"column":10},"end":{"line":6,"column":11}},"loc":{"start":{"line":6,"column":36},"end":{"line":12,"column":3}},"line":6}},"branchMap":{},"s":{"0":1,"1":1,"2":1,"3":1,"4":1,"5":0,"6":0,"7":1,"8":1,"9":1,"10":1,"11":1,"12":1,"13":1,"14":1,"15":1,"16":1,"17":1,"18":1,"19":1},"f":{"0":1,"1":0},"b":{},"_coverageSchema":"1a1c01bbd47fc00a2c39e90264f33305004495a9","hash":"de415bdc4045a929d0bef1f77210d614b140d38f","contentHash":"87839783ef07dea56e017eb1d779ea3d4857053df62c5d4476d3ccdc61ac558b"},"/Users/ryanleyland/Documents/GitHub/CovidNow/API/controllers/viewControllers.js":{"path":"/Users/ryanleyland/Documents/GitHub/CovidNow/API/controllers/viewControllers.js","statementMap":{"0":{"start":{"line":1,"column":17},"end":{"line":1,"column":37}},"1":{"start":{"line":2,"column":11},"end":{"line":2,"column":31}},"2":{"start":{"line":3,"column":13},"end":{"line":3,"column":20}},"3":{"start":{"line":4,"column":13},"end":{"line":4,"column":20}},"4":{"start":{"line":5,"column":23},"end":{"line":5,"column":40}},"5":{"start":{"line":6,"column":15},"end":{"line":6,"column":24}},"6":{"start":{"line":8,"column":0},"end":{"line":51,"column":2}},"7":{"start":{"line":17,"column":2},"end":{"line":50,"column":3}},"8":{"start":{"line":18,"column":19},"end":{"line":21,"column":6}},"9":{"start":{"line":22,"column":4},"end":{"line":29,"column":7}},"10":{"start":{"line":23,"column":6},"end":{"line":26,"column":7}},"11":{"start":{"line":24,"column":8},"end":{"line":24,"column":47}},"12":{"start":{"line":25,"column":8},"end":{"line":25,"column":15}},"13":{"start":{"line":28,"column":6},"end":{"line":28,"column":55}},"14":{"start":{"line":31,"column":4},"end":{"line":49,"column":7}},"15":{"start":{"line":32,"column":6},"end":{"line":35,"column":7}},"16":{"start":{"line":33,"column":8},"end":{"line":33,"column":47}},"17":{"start":{"line":34,"column":8},"end":{"line":34,"column":15}},"18":{"start":{"line":36,"column":6},"end":{"line":48,"column":7}},"19":{"start":{"line":37,"column":8},"end":{"line":37,"column":65}},"20":{"start":{"line":39,"column":8},"end":{"line":39,"column":44}},"21":{"start":{"line":40,"column":8},"end":{"line":47,"column"
[...]
":{"line":303,"column":3}}],"line":270},"24":{"loc":{"start":{"line":280,"column":8},"end":{"line":283,"column":9}},"type":"if","locations":[{"start":{"line":280,"column":8},"end":{"line":283,"column":9}},{"start":{"line":280,"column":8},"end":{"line":283,"column":9}}],"line":280},"25":{"loc":{"start":{"line":292,"column":12},"end":{"line":295,"column":13}},"type":"if","locations":[{"start":{"line":292,"column":12},"end":{"line":295,"column":13}},{"start":{"line":292,"column":12},"end":{"line":295,"column":13}}],"line":292},"26":{"loc":{"start":{"line":297,"column":12},"end":{"line":299,"column":13}},"type":"if","locations":[{"start":{"line":297,"column":12},"end":{"line":299,"column":13}},{"start":{"line":297,"column":12},"end":{"line":299,"column":13}}],"line":297},"27":{"loc":{"start":{"line":308,"column":2},"end":{"line":310,"column":3}},"type":"if","locations":[{"start":{"line":308,"column":2},"end":{"line":310,"column":3}},{"start":{"line":308,"column":2},"end":{"line":310,"column":3}}],"line":308},"28":{"loc":{"start":{"line":312,"column":2},"end":{"line":314,"column":3}},"type":"if","locations":[{"start":{"line":312,"column":2},"end":{"line":314,"column":3}},{"start":{"line":312,"column":2},"end":{"line":314,"column":3}}],"line":312},"29":{"loc":{"start":{"line":312,"column":6},"end":{"line":312,"column":68}},"type":"binary-expr","locations":[{"start":{"line":312,"column":6},"end":{"line":312,"column":24}},{"start":{"line":312,"column":28},"end":{"line":312,"column":46}},{"start":{"line":312,"column":50},"end":{"line":312,"column":68}}],"line":312},"30":{"loc":{"start":{"line":315,"column":2},"end":{"line":354,"column":3}},"type":"if","locations":[{"start":{"line":315,"column":2},"end":{"line":354,"column":3}},{"start":{"line":315,"column":2},"end":{"line":354,"column":3}}],"line":315},"31":{"loc":{"start":{"line":325,"column":6},"end":{"line":328,"column":7}},"type":"if","locations":[{"start":{"line":325,"column":6},"end":{"line":328,"column":7}},{"start":{"line":325,"column":6},"end":{"line":328,"column":7}}],"line":325},"32":{"loc":{"start":{"line":335,"column":6},"end":{"line":338,"column":7}},"type":"if","locations":[{"start":{"line":335,"column":6},"end":{"line":338,"column":7}},{"start":{"line":335,"column":6},"end":{"line":338,"column":7}}],"line":335},"33":{"loc":{"start":{"line":345,"column":8},"end":{"line":348,"column":9}},"type":"if","locations":[{"start":{"line":345,"column":8},"end":{"line":348,"column":9}},{"start":{"line":345,"column":8},"end":{"line":348,"column":9}}],"line":345},"34":{"loc":{"start":{"line":365,"column":4},"end":{"line":368,"column":5}},"type":"if","locations":[{"start":{"line":365,"column":4},"end":{"line":368,"column":5}},{"start":{"line":365,"column":4},"end":{"line":368,"column":5}}],"line":365},"35":{"loc":{"start":{"line":382,"column":6},"end":{"line":385,"column":7}},"type":"if","locations":[{"start":{"line":382,"column":6},"end":{"line":385,"column":7}},{"start":{"line":382,"column":6},"end":{"line":385,"column":7}}],"line":382},"36":{"loc":{"start":{"line":397,"column":4},"end":{"line":400,"column":5}},"type":"if","locations":[{"start":{"line":397,"column":4},"end":{"line":400,"column":5}},{"start":{"line":397,"column":4},"end":{"line":400,"column":5}}],"line":397},"37":{"loc":{"start":{"line":404,"column":8},"end":{"line":407,"column":9}},"type":"if","locations":[{"start":{"line":404,"column":8},"end":{"line":407,"column":9}},{"start":{"line":404,"column":8},"end":{"line":407,"column":9}}],"line":404},"38":{"loc":{"start":{"line":424,"column":4},"end":{"line":427,"column":5}},"type":"if","locations":[{"start":{"line":424,"column":4},"end":{"line":427,"column":5}},{"start":{"line":424,"column":4},"end":{"line":427,"column":5}}],"line":424},"39":{"loc":{"start":{"line":440,"column":4},"end":{"line":443,"column":5}},"type":"if","locations":[{"start":{"line":440,"column":4},"end":{"line":443,"column":5}},{"start":{"line":440,"column":4},"end":{"line":443,"column":5}}],"line":440},"40":{"loc":{"start":{"line":453,"column":6},"end":{"line":456,"column":7}},"type":"if","locations":[{"start":{"line":453,"column":6},"end":{"line":456,"column":7}},{"start":{"line":453,"column":6},"end":{"line":456,"column":7}}],"line":453},"41":{"loc":{"start":{"line":460,"column":8},"end":{"line":463,"column":9}},"type":"if","locations":[{"start":{"line":460,"column":8},"end":{"line":463,"column":9}},{"start":{"line":460,"column":8},"end":{"line":463,"column":9}}],"line":460},"42":{"loc":{"start":{"line":479,"column":4},"end":{"line":482,"column":5}},"type":"if","locations":[{"start":{"line":479,"column":4},"end":{"line":482,"column":5}},{"start":{"line":479,"column":4},"end":{"line":482,"column":5}}],"line":479},"43":{"loc":{"start":{"line":495,"column":4},"end":{"line":498,"column":5}},"type":"if","locations":[{"start":{"line":495,"column":4},"end":{"line":498,"column":5}},{"start":{"line":495,"column":4},"end":{"line":498,"column":5}}],"line":495},"44":{"loc":{"start":{"line":499,"column":4},"end":{"line":501,"column":5}},"type":"if","locations":[{"start":{"line":499,"column":4},"end":{"line":501,"column":5}},{"start":{"line":499,"column":4},"end":{"line":501,"column":5}}],"line":499},"45":{"loc":{"start":{"line":502,"column":4},"end":{"line":504,"column":5}},"type":"if","locations":[{"start":{"line":502,"column":4},"end":{"line":504,"column":5}},{"start":{"line":502,"column":4},"end":{"line":504,"column":5}}],"line":502},"46":{"loc":{"start":{"line":505,"column":4},"end":{"line":507,"column":5}},"type":"if","locations":[{"start":{"line":505,"column":4},"end":{"line":507,"column":5}},{"start":{"line":505,"column":4},"end":{"line":507,"column":5}}],"line":505},"47":{"loc":{"start":{"line":508,"column":4},"end":{"line":510,"column":5}},"type":"if","locations":[{"start":{"line":508,"column":4},"end":{"line":510,"column":5}},{"start":{"line":508,"column":4},"end":{"line":510,"column":5}}],"line":508},"48":{"loc":{"start":{"line":511,"column":4},"end":{"line":513,"column":5}},"type":"if","locations":[{"start":{"line":511,"column":4},"end":{"line":513,"column":5}},{"start":{"line":511,"column":4},"end":{"line":513,"column":5}}],"line":511},"49":{"loc":{"start":{"line":515,"column":4},"end":{"line":517,"column":5}},"type":"if","locations":[{"start":{"line":515,"column":4},"end":{"line":517,"column":5}},{"start":{"line":515,"column":4},"end":{"line":517,"column":5}}],"line":515},"50":{"loc":{"start":{"line":518,"column":4},"end":{"line":520,"column":5}},"type":"if","locations":[{"start":{"line":518,"column":4},"end":{"line":520,"column":5}},{"start":{"line":518,"column":4},"end":{"line":520,"column":5}}],"line":518},"51":{"loc":{"start":{"line":521,"column":4},"end":{"line":523,"column":5}},"type":"if","locations":[{"start":{"line":521,"column":4},"end":{"line":523,"column":5}},{"start":{"line":521,"column":4},"end":{"line":523,"column":5}}],"line":521},"52":{"loc":{"start":{"line":525,"column":4},"end":{"line":527,"column":5}},"type":"if","locations":[{"start":{"line":525,"column":4},"end":{"line":527,"column":5}},{"start":{"line":525,"column":4},"end":{"line":527,"column":5}}],"line":525},"53":{"loc":{"start":{"line":530,"column":6},"end":{"line":533,"column":7}},"type":"if","locations":[{"start":{"line":530,"column":6},"end":{"line":533,"column":7}},{"start":{"line":530,"column":6},"end":{"line":533,"column":7}}],"line":530}},"s":{"0":1,"1":1,"2":1,"3":1,"4":1,"5":1,"6":1,"7":0,"8":0,"9":0,"10":0,"11":0,"12":0,"13":0,"14":0,"15":0,"16":0,"17":0,"18":0,"19":0,"20":0,"21":0,"22":0,"23":0,"24":0,"25":0,"26":1,"27":0,"28":0,"29":0,"30":0,"31":0,"32":0,"33":0,"34":0,"35":0,"36":0,"37":0,"38":0,"39":0,"40":0,"41":0,"42":0,"43":0,"44":0,"45":0,"46":0,"47":0,"48":0,"49":0,"50":1,"51":0,"52":0,"53":0,"54":0,"55":0,"56":0,"57":0,"58":0,"59":0,"60":0,"61":1,"62":0,"63":0,"64":0,"65":0,"66":0,"67":0,"68":0,"69":0,"70":0,"71":0,"72":0,"73":0,"74":0,"75":0,"76":0,"77":0,"78":0,"79":0,"80":0,"81":0,"82":0,"83":0,"84":0,"85":0,"86":0,"87":0,"88":0,"89":0,"90":0,"91":0,"92":0,"93":0,"94":0,"95":0,"96":0,"97":0,"98":0,"99":0,"100":0,"101":0,"102":0,"103":0,"104":0,"105":0,"106":0,"107":0,"108":0,"109":0,"110":0,"111":0,"112":0,"113":0,"114":0,"115":1,"116":0,"117":0,"118":0,"119":0,"120":0,"121":0,"122":0,"123":0,"124":0,"125":0,"126":0,"127":0,"128":0,"129":0,"130":0,"131":0,"132":0,"133":0,"134":0,"135":0,"136":0,"137":0,"138":0,"139":0,"140":0,"141":0,"142":0,"143":1,"144":0,"145":0,"146":1,"147":0,"148":0,"149":0,"150":0,"151":0,"152":0,"153":0,"154":0,"155":0,"156":0,"157":0,"158":0,"159":0,"160":0,"161":0,"162":0,"163":0,"164":0,"165":1,"166":0,"167":0,"168":0,"169":0,"170":0,"171":0,"172":0,"173":0,"174":0,"175":0,"176":0,"177":1,"178":0,"179":0,"180":0,"181":0,"182":0,"183":1,"184":0,"185":0,"186":0,"187":0,"188":0,"189":1,"190":0,"191":0,"192":0,"193":0,"194":0,"195":0,"196":0,"197":0,"198":0,"199":0,"200":0,"201":1,"202":0,"203":0,"204":0,"205":0,"206":0,"207":1,"208":0,"209":0,"210":0,"211":0,"212":0,"213":0,"214":0,"215":0,"216":0,"217":0,"218":0,"219":0,"220":0,"221":0,"222":0,"223":0,"224":0,"225":0,"226":0,"227":0,"228":0,"229":0,"230":0,"231":0,"232":0,"233":0,"234":0},"f":{"0":0,"1":0,"2":0,"3":0,"4":0,"5":0,"6":0,"7":0,"8":0,"9":0,"10":0,"11":0,"12":0,"13":0,"14":0,"15":0,"16":0,"17":0,"18":0,"19":0,"20":0,"21":0,"22":0,"23":0,"24":0,"25":0,"26":0,"27":0,"28":0,"29":0,"30":0,"31":0,"32":0,"33":0,"34":0,"35":0,"36":0,"37":0,"38":0,"39":0,"40":0,"41":0,"42":0,"43":0,"44":0,"45":0,"46":0,"47":0,"48":0,"49":0,"50":0},"b":{"0":[0,0],"1":[0,0],"2":[0,0],"3":[0,0],"4":[0,0],"5":[0,0],"6":[0,0],"7":[0,0],"8":[0,0],"9":[0,0],"10":[0,0],"11":[0,0],"12":[0,0],"13":[0,0],"14":[0,0],"15":[0,0],"16":[0,0],"17":[0,0],"18":[0,0],"19":[0,0],"20":[0,0],"21":[0,0],"22":[0,0],"23":[0,0],"24":[0,0],"25":[0,0],"26":[0,0],"27":[0,0],"28":[0,0],"29":[0,0,0],"30":[0,0],"31":[0,0],"32":[0,0],"33":[0,0],"34":[0,0],"35":[0,0],"36":[0,0],"37":[0,0],"38":[0,0],"39":[0,0],"40":[0,0],"41":[0,0],"42":[0,0],"43":[0,0],"44":[0,0],"45":[0,0],"46":[0,0],"47":[0,0],"48":[0,0],"49":[0,0],"50":[0,0],"51":[0,0],"52":[0,0],"53":[0,0]},"_coverageSchema":"1a1c01bbd47fc00a2c39e90264f33305004495a9","hash":"febf8b89648c1da45fa6c59ee8bea8a6c241fe2d","contentHash":"80faeea3c483526a1fa5091057296317f607a37730b4a92f040062bfa1458b3d"},"/Users/ryanleyland/Documents/GitHub/CovidNow/API/routes/contactedPeopleRoutes.js":{"path":"/Users/ryanleyland/Documents/GitHub/CovidNow/API/routes/contactedPeopleRoutes.js","statementMap":{"0":{"start":{"line":1,"column":20},"end":{"line":1,"column":45}},"1":{"start":{"line":2,"column":19},"end":{"line":2,"column":70}},"2":{"start":{"line":6,"column":0},"end":{"line":13,"column":2}},"3":{"start":{"line":10,"column":2},"end":{"line":12,"column":31}}},"fnMap":{"0":{"name":"(anonymous_0)","decl":{"start":{"line":6,"column":17},"end":{"line":6,"column":18}},"loc":{"start":{"line":6,"column":32},"end":{"line":13,"column":1}},"line":6}},"branchMap":{},"s":{"0":1,"1":1,"2":1,"3":1},"f":{"0":1},"b":{},"_coverageSchema":"1a1c01bbd47fc00a2c39e90264f33305004495a9","hash":"919d1555ccf450a2676372a39be5d71359dcd39d","contentHash":"8a4ecb8ad9aae59c695f08c6f290d0b20edfbddac4ee151d9042c3f79d9d5661"},"/Users/ryanleyland/Documents/GitHub/CovidNow/API/controllers/contactedPeopleController.js":{"path":"/Users/ryanleyland/Documents/GitHub/CovidNow/API/controllers/contactedPeopleController.js","statementMap":{"0":{"start":{"line":1,"column":11},"end":{"line":1,"column":31}},"1":{"start":{"line":2,"column":19},"end":{"line":2,"column":46}},"2":{"start":{"line":3,"column":13},"end":{"line":3,"column":20}},"3":{"start":{"line":4,"column":18},"end":{"line":4,"column":30}},"4":{"start":{"line":6,"column":0},"end":{"line":47,"column":1}},"5":{"start":{"line":7,"column":2},"end":{"line":45,"column":3}},"6":{"start":{"line":8,"column":28},"end":{"line":13,"column":6}},"7":{"start":{"line":14,"column":6},"end":{"line":41,"column":11}},"8":{"start":{"line":15,"column":10},"end":{"line":40,"column":11}},"9":{"start":{"line":16,"column":12},"end":{"line":16,"column":97}},"10":{"start":{"line":17,"column":12},"end":{"line":27,"column":15}},"11":{"start":{"line":18,"column":14},"end":{"line":26,"column":15}},"12":{"start":{"line":19,"column":16},"end":{"line":25,"column":19}},"13":{"start":{"line":20,"column":18},"end":{"line":23,"column":19}},"14":{"start":{"line":21,"column":20},"end":{"line":21,"column":59}},"15":{"start":{"line":22,"column":20},"end":{"line":22,"column":27}},"16":{"start":{"line":24,"column":18},"end":{"line":24,"column":59}},"17":{"start":{"line":30,"column":12},"end":{"line":39,"column":11}},"18":{"start":{"line":31,"column":14},"end":{"line":31,"column":41}},"19":{"start":{"line":32,"column":14},"end":{"line":38,"column":15}},"20":{"start":{"line":33,"column":16},"end":{"line":36,"column":17}},"21":{"start":{"line":34,"column":18},"end":{"line":34,"column":57}},"22":{"start":{"line":35,"column":18},"end":{"line":35,"column":25}},"23":{"start":{"line":37,"column":16},"end":{"line":37,"column":39}},"24":{"start":{"line":44,"column":4},"end":{"line":44,"column":27}}},"fnMap":{"0":{"name":"(anonymous_0)","decl":{"start":{"line":6,"column":26},"end":{"line":6,"column":27}},"loc":{"start":{"line":6,"column":39},"end":{"line":47,"column":1}},"line":6},"1":{"name":"(anonymous_1)","decl":{"start":{"line":14,"column":90},"end":{"line":14,"column":91}},"loc":{"start":{"line":14,"column":106},"end":{"line":41,"column":9}},"line":14},"2":{"name":"(anonymous_2)","decl":{"start":{"line":17,"column":101},"end":{"line":17,"column":102}},"loc":{"start":{"line":17,"column":122},"end":{"line":27,"column":13}},"line":17},"3":{"name":"(anonymous_3)","decl":{"start":{"line":19,"column":37},"end":{"line":19,"column":38}},"loc":{"start":{"line":19,"column":57},"end":{"line":25,"column":17}},"line":19},"4":{"name":"(anonymous_4)","decl":{"start":{"line":32,"column":24},"end":{"line":32,"column":25}},"loc":{"start":{"line":32,"column":39},"end":{"line":38,"column":13}},"line":32}},"branchMap":{"0":{"loc":{"start":{"line":15,"column":10},"end":{"line":40,"column":11}},"type":"if","locations":[{"start":{"line":15,"column":10},"end":{"line":40,"column":11}},{"start":{"line":15,"column":10},"end":{"line":40,"column":11}}],"line":15},"1":{"loc":{"start":{"line":18,"column":14},"end":{"line":26,"column":15}},"type":"if","locations":[{"start":{"line":18,"column":14},"end":{"line":26,"column":15}},{"start":{"line":18,"column":14},"end":{"line":26,"column":15}}],"line":18},"2":{"loc":{"start":{"line":20,"column":18},"end":{"line":23,"column":19}},"type":"if","locations":[{"start":{"line":20,"column":18},"end":{"line":23,"column":19}},{"start":{"line":20,"column":18},"end":{"line":23,"column":19}}],"line":20},"3":{"loc":{"start":{"line":30,"column":12},"end":{"line":39,"column":11}},"type":"if","locations":[{"start":{"line":30,"column":12},"end":{"line":39,"column":11}},{"start":{"line":30,"column":12},"end":{"line":39,"column":11}}],"line":30},"4":{"loc":{"start":{"line":33,"column":16},"end":{"line":36,"column":17}},"type":"if","locations":[{"start":{"line":33,"column":16},"end":{"line":36,"column":17}},{"start":{"line":33,"column":16},"end":{"line":36,"column":17}}],"line":33}},"s":{"0":1,"1":1,"2":1,"3":1,"4":1,"5":0,"6":0,"7":0,"8":0,"9":0,"10":0,"11":0,"12":0,"13":0,"14":0,"15":0,"16":0,"17":0,"18":0,"19":0,"20":0,"21":0,"22":0,"23":0,"24":0},"f":{"0":0,"1":0,"2":0,"3":0,"4":0},"b":{"0":[0,0],"1":[0,0],"2":[0,0],"3":[0,0],"4":[0,0]},"_coverageSchema":"1a1c01bbd47fc00a2c39e90264f33305004495a9","hash":"6737ebca37492652429c8d55faf76238fcbd6eab","contentHash":"7605b06f90d16de64a80b0ae72319da66325f1c3e2273dda2ff6d8bc4b86f213"},"/Users/ryanleyland/Documents/GitHub/CovidNow/API/routes/appointmentAndChatRoutes.js":{"path":"/Users/ryanleyland/Documents/GitHub/CovidNow/API/routes/appointmentAndChatRoutes.js","statementMap":{"0":{"start":{"line":1,"column":20},"end":{"line":1,"column":45}},"1":{"start":{"line":2,"column":19},"end":{"line":2,"column":69}},"2":{"start":{"line":6,"column":0},"end":{"line":16,"column":1}},"3":{"start":{"line":9,"column":2},"end":{"line":11,"column":31}},"4":{"start":{"line":13,"column":2},"end":{"line":15,"column":40}}},"fnMap":{"0":{"name":"(anonymous_0)","decl":{"start":{"line":6,"column":17},"end":{"line":6,"column":18}},"loc":{"start":{"line":6,"column":32},"end":{"line":16,"column":1}},"line":6}},"branchMap":{},"s":{"0":1,"1":1,"2":1,"3":1,"4":1},"f":{"0":1},"b":{},"_coverageSchema":"1a1c01bbd47fc00a2c39e90264f33305004495a9","hash":"4c641b2773d18d43c6e43a8601520431b55e3834","contentHash":"e0a3e7317d50427b7b02e698a352b6aefa0e968069e63e3c29fa4ba124d3cf64"},"/Users/ryanleyland/Documents/GitHub/CovidNow/API/controllers/appointmentChatContoller.js":{"path":"/Users/ryanleyland/Documents/GitHub/CovidNow/API/controllers/appointmentChatContoller.js","statementMap":{"0":{"start":{"line":1,"column":11},"end":{"line":1,"column":31}},"1":{"start":{"line":2,"column":19},"end":{"line":2,"column":46}},"2":{"start":{"line":4,"column":20},"end":{"line":4,"column":35}},"3":{"start":{"line":5,"column":13},"end":{"line":5,"column":20}},"4":{"start":{"line":7,"column":0},"end":{"line":39,"column":1}},"5":{"start":{"line":8,"column":4},"end":{"line":35,"column":5}},"6":{"start":{"line":9,"column":8},"end":{"line":31,"column":11}},"7":{"start":{"line":10,"column":12},"end":{"line":30,"column":13}},"8":{"start":{"line":11,"column":16},"end":{"line":11,"column":98}},"9":{"start":{"line":16,"column":32},"end":{"line":21,"column":18}},"10":{"start":{"line":22,"column":16},"end":{"line":27,"column":19}},"11":{"start":{"line":23,"column":20},"end":{"line":26,"column":21}},"12":{"start":{"line":24,"column":22},"end":{"line":24,"column":61}},"13":{"start":{"line":25,"column":22},"end":{"line":25,"column":29}},"14":{"start":{"line":28,"column":16},"end":{"line":28,"column":65}},"15":{"start":{"line":29,"column":16},"end":{"line":29,"column":60}},"16":{"start":{"line":34,"column":8},"end":{"line":34,"column":33}},"17":{"start":{"line":40,"column":0},"end":{"line":44,"column":1}},"18":{"start":{"line":41,"column":4},"end":{"line":43,"column":7}},"19":{"start":{"line":42,"column":8},"end":{"line":42,"column":25}}},"fnMap":{"0":{"name":"(anonymous_0)","decl":{"start":{"line":7,"column":26},"end":{"line":7,"column":27}},"loc":{"start":{"line":7,"column":45},"end":{"line":39,"column":1}},"line":7},"1":{"name":"(anonymous_1)","decl":{"start":{"line":9,"column":50},"end":{"line":9,"column":51}},"loc":{"start":{"line":9,"column":66},"end":{"line":31,"column":9}},"line":9},"2":{"name":"(anonymous_2)","decl":{"start":{"line":22,"column":29},"end":{"line":22,"column":30}},"loc":{"start":{"line":22,"column":38},"end":{"line":27,"column":17}},"line":22},"3":{"name":"(anonymous_3)","decl":{"start":{"line":40,"column":35},"end":{"line":40,"column":36}},"loc":{"start":{"line":40,"column":54},"end":{"line":44,"column":1}},"line":40},"4":{"name":"(anonymous_4)","decl":{"start":{"line":41,"column":50},"end":{"line":41,"column":51}},"loc":{"start":{"line":41,"column":68},"end":{"line":43,"column":5}},"line":41}},"branchMap":{"0":{"loc":{"start":{"line":10,"column":12},"end":{"line":30,"column":13}},"type":"if","locations":[{"start":{"line":10,"column":12},"end":{"line":30,"column":13}},{"start":{"line":10,"column":12},"end":{"line":30,"column":13}}],"line":10},"1":{"loc":{"start":{"line":23,"column":20},"end":{"line":26,"column":21}},"type":"if","locations":[{"start":{"line":23,"column":20},"end":{"line":26,"column":21}},{"start":{"line":23,"column":20},"end":{"line":26,"column":21}}],"line":23}},"s":{"0":1,"1":1,"2":1,"3":1,"4":1,"5":0,"6":0,"7":0,"8":0,"9":0,"10":0,"11":0,"12":0,"13":0,"14":0,"15":0,"16":0,"17":1,"18":0,"19":0},"f":{"0":0,"1":0,"2":0,"3":0,"4":0},"b":{"0":[0,0],"1":[0,0]},"_coverageSchema":"1a1c01bbd47fc00a2c39e90264f33305004495a9","hash":"ae2f8f2f3a798c4968d7a43066cfed3c126d6ae0","contentHash":"122aaf98b6869c97fcb27b683443577e2158369cae157a8002101a51b23ecdbf"}}